2026-03-06 14:52:08,602 - INFO - Initializing GPU training environment...
2026-03-06 14:52:08,602 - WARNING - CUDA not available, falling back to CPU
2026-03-06 14:52:08,602 - WARNING - CUDA not available, falling back to CPU
2026-03-06 14:52:08,602 - WARNING - GPU not available, using CPU training
2026-03-06 14:52:08,602 - WARNING - GPU optimizations not available, using CPU
2026-03-06 14:52:08,612 - INFO - GPU training environment initialized successfully
2026-03-06 14:52:08,613 - INFO - ============================================================
2026-03-06 14:52:08,613 - INFO - STARTING SOVEREIGNFORGE GPU TRAINING - WAVE 7
2026-03-06 14:52:08,613 - INFO - ============================================================
2026-03-06 14:52:08,613 - INFO - 
GPU Training Configuration:
- Pairs: ['XLM/USDT', 'HBAR/USDT', 'ALGO/USDT']
- Epochs: 10
- Batch Size: 32
- GPU Device: 0
- Memory Fraction: 0.8
- Learning Rate: 0.0001
- Gradient Clip: 1.0
- TensorBoard: False
- Weights & Biases: False
- GPU Monitoring: False
- Mixed Precision: False
        
2026-03-06 14:52:08,613 - WARNING - GPU not available, using CPU training
2026-03-06 14:52:08,613 - INFO - Starting GPU-accelerated arbitrage training
2026-03-06 14:52:08,613 - INFO - Pairs: ['XLM/USDT', 'HBAR/USDT', 'ALGO/USDT']
2026-03-06 14:52:08,613 - INFO - Exchanges: ['binance', 'coinbase', 'kraken']
2026-03-06 14:52:08,613 - INFO - Epochs: 10, Batch size: 32
2026-03-06 14:52:08,613 - INFO - Running on CPU
2026-03-06 14:52:08,613 - WARNING - GPU not available, using CPU training
2026-03-06 14:52:19,649 - INFO - Starting GPU training for 3 pairs with 10 epochs
2026-03-06 14:52:19,649 - INFO - Starting multi-pair training for 3 pairs on GPU
2026-03-06 14:52:19,649 - INFO - Epoch 1/10
2026-03-06 14:52:21,035 - INFO - Pair XLM/USDT - Batch 0/625 - Loss: 0.8982
2026-03-06 14:52:30,709 - INFO - Pair XLM/USDT - Batch 10/625 - Loss: 0.8211
2026-03-06 14:52:41,621 - INFO - Pair XLM/USDT - Batch 20/625 - Loss: 0.7369
2026-03-06 14:52:52,424 - INFO - Pair XLM/USDT - Batch 30/625 - Loss: 0.6095
2026-03-06 14:53:03,305 - INFO - Pair XLM/USDT - Batch 40/625 - Loss: 0.6776
2026-03-06 14:53:14,700 - INFO - Pair XLM/USDT - Batch 50/625 - Loss: 0.7614
2026-03-06 14:53:26,448 - INFO - Pair XLM/USDT - Batch 60/625 - Loss: 0.6736
2026-03-06 14:53:37,808 - INFO - Pair XLM/USDT - Batch 70/625 - Loss: 0.5571
2026-03-06 14:53:48,865 - INFO - Pair XLM/USDT - Batch 80/625 - Loss: 0.5952
2026-03-06 14:53:59,873 - INFO - Pair XLM/USDT - Batch 90/625 - Loss: 0.6054
2026-03-06 14:54:10,209 - INFO - Pair XLM/USDT - Batch 100/625 - Loss: 0.6929
2026-03-06 14:54:21,096 - INFO - Pair XLM/USDT - Batch 110/625 - Loss: 0.6386
2026-03-06 14:54:32,089 - INFO - Pair XLM/USDT - Batch 120/625 - Loss: 0.6721
2026-03-06 14:54:42,990 - INFO - Pair XLM/USDT - Batch 130/625 - Loss: 0.7945
2026-03-06 14:54:53,393 - INFO - Pair XLM/USDT - Batch 140/625 - Loss: 0.6061
2026-03-06 14:55:04,883 - INFO - Pair XLM/USDT - Batch 150/625 - Loss: 0.7495
2026-03-06 14:55:14,966 - INFO - Pair XLM/USDT - Batch 160/625 - Loss: 0.7576
2026-03-06 14:55:25,044 - INFO - Pair XLM/USDT - Batch 170/625 - Loss: 0.5928
2026-03-06 14:55:36,685 - INFO - Pair XLM/USDT - Batch 180/625 - Loss: 0.7841
2026-03-06 14:55:47,941 - INFO - Pair XLM/USDT - Batch 190/625 - Loss: 0.6726
2026-03-06 14:55:58,491 - INFO - Pair XLM/USDT - Batch 200/625 - Loss: 0.5844
2026-03-06 14:56:09,159 - INFO - Pair XLM/USDT - Batch 210/625 - Loss: 0.5751
2026-03-06 15:29:40,668 - INFO - Initializing GPU training environment...
2026-03-06 15:29:40,802 - INFO - GPU safety monitoring started
2026-03-06 15:29:40,804 - INFO - GPU Manager initialized on NVIDIA GeForce RTX 4060 Ti
2026-03-06 15:29:40,805 - INFO - GPU safety monitoring started
2026-03-06 15:29:40,805 - INFO - GPU Manager initialized on NVIDIA GeForce RTX 4060 Ti
2026-03-06 15:29:40,805 - INFO - GPU training setup complete on NVIDIA GeForce RTX 4060 Ti
2026-03-06 15:29:40,806 - INFO - GPU training environment initialized successfully
2026-03-06 15:29:40,806 - INFO - ============================================================
2026-03-06 15:29:40,806 - INFO - STARTING SOVEREIGNFORGE GPU TRAINING - WAVE 7
2026-03-06 15:29:40,806 - INFO - ============================================================
2026-03-06 15:29:40,807 - INFO - 
GPU Training Configuration:
- Pairs: ['XLM/USDT']
- Epochs: 1
- Batch Size: 64
- GPU Device: 0
- Memory Fraction: 0.8
- Learning Rate: 0.0001
- Gradient Clip: 1.0
- TensorBoard: False
- Weights & Biases: False
- GPU Monitoring: True
- Mixed Precision: False
        
2026-03-06 15:29:40,807 - INFO - GPU monitoring active via safety manager
2026-03-06 15:29:40,807 - INFO - GPU training environment initialized successfully
2026-03-06 15:29:40,807 - INFO - Starting GPU-accelerated arbitrage training
2026-03-06 15:29:40,807 - INFO - Pairs: ['XLM/USDT']
2026-03-06 15:29:40,807 - INFO - Exchanges: ['binance', 'coinbase', 'kraken']
2026-03-06 15:29:40,807 - INFO - Epochs: 1, Batch size: 64
2026-03-06 15:29:40,807 - INFO - GPU Memory - Allocated: 0.0MB, Free: 15223.0MB
2026-03-06 15:29:40,807 - INFO - Training monitoring enabled (basic)
2026-03-06 15:29:40,807 - INFO - GPU training setup complete on NVIDIA GeForce RTX 4060 Ti
2026-03-06 15:29:45,084 - INFO - Starting GPU training for 1 pairs with 1 epochs
2026-03-06 15:29:45,084 - INFO - Starting multi-pair training for 1 pairs on GPU
2026-03-06 15:29:45,104 - INFO - Epoch 1/1
2026-03-06 15:29:45,578 - INFO - Pair XLM/USDT - Batch 0/313 - Loss: 0.9693
2026-03-06 15:29:46,055 - INFO - Pair XLM/USDT - Batch 10/313 - Loss: 0.6413
2026-03-06 15:29:46,589 - INFO - Pair XLM/USDT - Batch 20/313 - Loss: 0.6325
2026-03-06 15:29:47,088 - INFO - Pair XLM/USDT - Batch 30/313 - Loss: 0.5644
2026-03-06 15:29:47,589 - INFO - Pair XLM/USDT - Batch 40/313 - Loss: 0.7465
2026-03-06 15:29:48,081 - INFO - Pair XLM/USDT - Batch 50/313 - Loss: 0.6409
2026-03-06 15:29:48,549 - INFO - Pair XLM/USDT - Batch 60/313 - Loss: 0.7186
2026-03-06 15:29:49,004 - INFO - Pair XLM/USDT - Batch 70/313 - Loss: 0.6139
2026-03-06 15:29:49,462 - INFO - Pair XLM/USDT - Batch 80/313 - Loss: 0.5456
2026-03-06 15:29:49,927 - INFO - Pair XLM/USDT - Batch 90/313 - Loss: 0.6873
2026-03-06 15:29:50,412 - INFO - Pair XLM/USDT - Batch 100/313 - Loss: 0.7074
2026-03-06 15:29:50,894 - INFO - Pair XLM/USDT - Batch 110/313 - Loss: 0.6657
2026-03-06 15:29:51,353 - INFO - Pair XLM/USDT - Batch 120/313 - Loss: 0.7078
2026-03-06 15:29:51,846 - INFO - Pair XLM/USDT - Batch 130/313 - Loss: 0.7268
2026-03-06 15:29:52,388 - INFO - Pair XLM/USDT - Batch 140/313 - Loss: 0.6207
2026-03-06 15:29:52,847 - INFO - Pair XLM/USDT - Batch 150/313 - Loss: 0.7196
2026-03-06 15:29:53,315 - INFO - Pair XLM/USDT - Batch 160/313 - Loss: 0.7098
2026-03-06 15:29:53,772 - INFO - Pair XLM/USDT - Batch 170/313 - Loss: 0.6556
2026-03-06 15:29:54,232 - INFO - Pair XLM/USDT - Batch 180/313 - Loss: 0.6023
2026-03-06 15:29:54,698 - INFO - Pair XLM/USDT - Batch 190/313 - Loss: 0.6659
2026-03-06 15:29:55,152 - INFO - Pair XLM/USDT - Batch 200/313 - Loss: 0.6952
2026-03-06 15:29:55,622 - INFO - Pair XLM/USDT - Batch 210/313 - Loss: 0.5906
2026-03-06 15:29:56,141 - INFO - Pair XLM/USDT - Batch 220/313 - Loss: 0.7411
2026-03-06 15:29:56,605 - INFO - Pair XLM/USDT - Batch 230/313 - Loss: 0.7196
2026-03-06 15:29:57,074 - INFO - Pair XLM/USDT - Batch 240/313 - Loss: 0.7336
2026-03-06 15:29:57,553 - INFO - Pair XLM/USDT - Batch 250/313 - Loss: 0.6208
2026-03-06 15:29:58,008 - INFO - Pair XLM/USDT - Batch 260/313 - Loss: 0.7338
2026-03-06 15:29:58,464 - INFO - Pair XLM/USDT - Batch 270/313 - Loss: 0.7454
2026-03-06 15:29:58,950 - INFO - Pair XLM/USDT - Batch 280/313 - Loss: 0.6647
2026-03-06 15:29:59,411 - INFO - Pair XLM/USDT - Batch 290/313 - Loss: 0.5959
2026-03-06 15:29:59,876 - INFO - Pair XLM/USDT - Batch 300/313 - Loss: 0.6974
2026-03-06 15:30:00,343 - INFO - Pair XLM/USDT - Batch 310/313 - Loss: 0.7934
2026-03-06 15:30:01,807 - INFO - Saved model checkpoint: best_XLM_USDT_epoch_0
2026-03-06 15:30:01,807 - INFO - .2f
2026-03-06 15:30:01,807 - INFO - Multi-pair training completed
2026-03-06 15:30:01,850 - INFO - Saved model checkpoint: final_XLM_USDT
2026-03-06 15:30:01,850 - INFO - GPU arbitrage training completed successfully
2026-03-06 15:30:01,905 - INFO - Training results saved to E:\Users\Gino\Downloads\SovereignForge\models\training_results
2026-03-06 15:30:01,905 - INFO - Training completed in 21.10 seconds
2026-03-06 15:30:05,813 - INFO - GPU safety monitoring stopped
2026-03-06 15:30:05,817 - INFO - GPU Manager shutdown
2026-03-06 15:30:05,818 - INFO - Training results saved to models/training_results_20260306_153005.json
2026-03-06 15:30:05,818 - INFO - Training report generated: reports/gpu_training_report_20260306_153005.md
2026-03-06 15:30:05,818 - INFO - Training completed in 25.01 seconds
2026-03-06 15:30:05,818 - INFO - GPU training cleanup completed
2026-03-06 15:36:22,930 - INFO - Initializing GPU training environment...
2026-03-06 15:36:23,054 - INFO - GPU safety monitoring started
2026-03-06 15:36:23,055 - INFO - GPU Manager initialized on NVIDIA GeForce RTX 4060 Ti
2026-03-06 15:36:23,056 - INFO - GPU safety monitoring started
2026-03-06 15:36:23,057 - INFO - GPU Manager initialized on NVIDIA GeForce RTX 4060 Ti
2026-03-06 15:36:23,057 - INFO - GPU training setup complete on NVIDIA GeForce RTX 4060 Ti
2026-03-06 15:36:23,058 - INFO - GPU training environment initialized successfully
2026-03-06 15:36:23,058 - INFO - ============================================================
2026-03-06 15:36:23,058 - INFO - STARTING SOVEREIGNFORGE GPU TRAINING - WAVE 7
2026-03-06 15:36:23,058 - INFO - ============================================================
2026-03-06 15:36:23,058 - INFO - 
GPU Training Configuration:
- Pairs: ['XLM/USDT', 'HBAR/USDT']
- Epochs: 1
- Batch Size: 512
- GPU Device: 0
- Memory Fraction: 0.8
- Learning Rate: 0.0001
- Gradient Clip: 1.0
- TensorBoard: False
- Weights & Biases: False
- GPU Monitoring: True
- Mixed Precision: True
        
2026-03-06 15:36:23,058 - INFO - GPU monitoring active via safety manager
2026-03-06 15:36:23,058 - ERROR - Training execution failed: GPUTrainingCLI.run_gpu_training() got an unexpected keyword argument 'mixed_precision'
2026-03-06 15:36:23,059 - INFO - Training completed in 0.00 seconds
2026-03-06 15:36:28,096 - INFO - GPU safety monitoring stopped
2026-03-06 15:36:28,096 - INFO - GPU Manager shutdown
2026-03-06 15:36:28,097 - INFO - GPU training cleanup completed
2026-03-06 15:37:29,864 - INFO - Initializing GPU training environment...
2026-03-06 15:37:29,954 - INFO - GPU safety monitoring started
2026-03-06 15:37:29,954 - INFO - GPU Manager initialized on NVIDIA GeForce RTX 4060 Ti
2026-03-06 15:37:29,956 - INFO - GPU safety monitoring started
2026-03-06 15:37:29,956 - INFO - GPU Manager initialized on NVIDIA GeForce RTX 4060 Ti
2026-03-06 15:37:29,956 - INFO - GPU training setup complete on NVIDIA GeForce RTX 4060 Ti
2026-03-06 15:37:29,957 - INFO - GPU training environment initialized successfully
2026-03-06 15:37:29,957 - INFO - ============================================================
2026-03-06 15:37:29,957 - INFO - STARTING SOVEREIGNFORGE GPU TRAINING - WAVE 7
2026-03-06 15:37:29,957 - INFO - ============================================================
2026-03-06 15:37:29,957 - INFO - 
GPU Training Configuration:
- Pairs: ['XLM/USDT', 'HBAR/USDT']
- Epochs: 1
- Batch Size: 512
- GPU Device: 0
- Memory Fraction: 0.8
- Learning Rate: 0.0001
- Gradient Clip: 1.0
- TensorBoard: False
- Weights & Biases: False
- GPU Monitoring: True
- Mixed Precision: False
        
2026-03-06 15:37:29,957 - INFO - GPU monitoring active via safety manager
2026-03-06 15:37:29,957 - INFO - GPU training environment initialized successfully
2026-03-06 15:37:29,957 - INFO - Starting GPU-accelerated arbitrage training
2026-03-06 15:37:29,958 - INFO - Pairs: ['XLM/USDT', 'HBAR/USDT']
2026-03-06 15:37:29,958 - INFO - Exchanges: ['binance', 'coinbase', 'kraken']
2026-03-06 15:37:29,958 - INFO - Epochs: 1, Batch size: 512
2026-03-06 15:37:29,958 - INFO - GPU Memory - Allocated: 0.0MB, Free: 15223.0MB
2026-03-06 15:37:29,958 - INFO - Training monitoring enabled (basic)
2026-03-06 15:37:29,958 - INFO - GPU training setup complete on NVIDIA GeForce RTX 4060 Ti
2026-03-06 15:37:37,450 - INFO - Starting GPU training for 2 pairs with 1 epochs
2026-03-06 15:37:37,450 - INFO - Starting multi-pair training for 2 pairs on GPU
2026-03-06 15:37:37,469 - INFO - Epoch 1/1
2026-03-06 15:37:37,577 - ERROR - Training error for pair XLM/USDT, batch 0: The size of tensor a (512) must match the size of tensor b (200) at non-singleton dimension 0
2026-03-06 15:37:37,592 - ERROR - Training error for pair XLM/USDT, batch 1: The size of tensor a (512) must match the size of tensor b (200) at non-singleton dimension 0
2026-03-06 15:37:37,605 - ERROR - Training error for pair XLM/USDT, batch 2: The size of tensor a (512) must match the size of tensor b (200) at non-singleton dimension 0
2026-03-06 15:37:37,616 - ERROR - Training error for pair XLM/USDT, batch 3: The size of tensor a (512) must match the size of tensor b (200) at non-singleton dimension 0
2026-03-06 15:37:37,629 - ERROR - Training error for pair XLM/USDT, batch 4: The size of tensor a (512) must match the size of tensor b (200) at non-singleton dimension 0
2026-03-06 15:37:37,660 - ERROR - Training error for pair XLM/USDT, batch 5: The size of tensor a (512) must match the size of tensor b (200) at non-singleton dimension 0
2026-03-06 15:37:37,673 - ERROR - Training error for pair XLM/USDT, batch 6: The size of tensor a (512) must match the size of tensor b (200) at non-singleton dimension 0
2026-03-06 15:37:37,685 - ERROR - Training error for pair XLM/USDT, batch 7: The size of tensor a (512) must match the size of tensor b (200) at non-singleton dimension 0
2026-03-06 15:37:37,695 - ERROR - Training error for pair XLM/USDT, batch 8: The size of tensor a (512) must match the size of tensor b (200) at non-singleton dimension 0
2026-03-06 15:37:37,702 - ERROR - Training error for pair XLM/USDT, batch 9: The size of tensor a (512) must match the size of tensor b (200) at non-singleton dimension 0
2026-03-06 15:37:37,715 - ERROR - Training error for pair XLM/USDT, batch 10: The size of tensor a (512) must match the size of tensor b (200) at non-singleton dimension 0
2026-03-06 15:37:37,725 - ERROR - Training error for pair XLM/USDT, batch 11: The size of tensor a (512) must match the size of tensor b (200) at non-singleton dimension 0
2026-03-06 15:37:37,735 - ERROR - Training error for pair XLM/USDT, batch 12: The size of tensor a (512) must match the size of tensor b (200) at non-singleton dimension 0
2026-03-06 15:37:37,745 - ERROR - Training error for pair XLM/USDT, batch 13: The size of tensor a (512) must match the size of tensor b (200) at non-singleton dimension 0
2026-03-06 15:37:37,755 - ERROR - Training error for pair XLM/USDT, batch 14: The size of tensor a (512) must match the size of tensor b (200) at non-singleton dimension 0
2026-03-06 15:37:37,766 - ERROR - Training error for pair XLM/USDT, batch 15: The size of tensor a (512) must match the size of tensor b (200) at non-singleton dimension 0
2026-03-06 15:37:37,777 - ERROR - Training error for pair XLM/USDT, batch 16: The size of tensor a (512) must match the size of tensor b (200) at non-singleton dimension 0
2026-03-06 15:37:37,785 - ERROR - Training error for pair XLM/USDT, batch 17: The size of tensor a (512) must match the size of tensor b (200) at non-singleton dimension 0
2026-03-06 15:37:37,797 - ERROR - Training error for pair XLM/USDT, batch 18: The size of tensor a (512) must match the size of tensor b (200) at non-singleton dimension 0
2026-03-06 15:37:37,809 - ERROR - Training error for pair XLM/USDT, batch 19: The size of tensor a (512) must match the size of tensor b (200) at non-singleton dimension 0
2026-03-06 15:37:37,819 - ERROR - Training error for pair XLM/USDT, batch 20: The size of tensor a (512) must match the size of tensor b (200) at non-singleton dimension 0
2026-03-06 15:37:37,829 - ERROR - Training error for pair XLM/USDT, batch 21: The size of tensor a (512) must match the size of tensor b (200) at non-singleton dimension 0
2026-03-06 15:37:37,840 - ERROR - Training error for pair XLM/USDT, batch 22: The size of tensor a (512) must match the size of tensor b (200) at non-singleton dimension 0
2026-03-06 15:37:37,855 - ERROR - Training error for pair XLM/USDT, batch 23: The size of tensor a (512) must match the size of tensor b (200) at non-singleton dimension 0
2026-03-06 15:37:37,863 - ERROR - Training error for pair XLM/USDT, batch 24: The size of tensor a (512) must match the size of tensor b (200) at non-singleton dimension 0
2026-03-06 15:37:37,874 - ERROR - Training error for pair XLM/USDT, batch 25: The size of tensor a (512) must match the size of tensor b (200) at non-singleton dimension 0
2026-03-06 15:37:37,883 - ERROR - Training error for pair XLM/USDT, batch 26: The size of tensor a (512) must match the size of tensor b (200) at non-singleton dimension 0
2026-03-06 15:37:37,892 - ERROR - Training error for pair XLM/USDT, batch 27: The size of tensor a (512) must match the size of tensor b (200) at non-singleton dimension 0
2026-03-06 15:37:37,902 - ERROR - Training error for pair XLM/USDT, batch 28: The size of tensor a (512) must match the size of tensor b (200) at non-singleton dimension 0
2026-03-06 15:37:37,911 - ERROR - Training error for pair XLM/USDT, batch 29: The size of tensor a (512) must match the size of tensor b (200) at non-singleton dimension 0
2026-03-06 15:37:37,920 - ERROR - Training error for pair XLM/USDT, batch 30: The size of tensor a (512) must match the size of tensor b (200) at non-singleton dimension 0
2026-03-06 15:37:37,929 - ERROR - Training error for pair XLM/USDT, batch 31: The size of tensor a (512) must match the size of tensor b (200) at non-singleton dimension 0
2026-03-06 15:37:37,939 - ERROR - Training error for pair XLM/USDT, batch 32: The size of tensor a (512) must match the size of tensor b (200) at non-singleton dimension 0
2026-03-06 15:37:37,949 - ERROR - Training error for pair XLM/USDT, batch 33: The size of tensor a (512) must match the size of tensor b (200) at non-singleton dimension 0
2026-03-06 15:37:37,960 - ERROR - Training error for pair XLM/USDT, batch 34: The size of tensor a (512) must match the size of tensor b (200) at non-singleton dimension 0
2026-03-06 15:37:37,974 - ERROR - Training error for pair XLM/USDT, batch 35: The size of tensor a (512) must match the size of tensor b (200) at non-singleton dimension 0
2026-03-06 15:37:37,986 - ERROR - Training error for pair XLM/USDT, batch 36: The size of tensor a (512) must match the size of tensor b (200) at non-singleton dimension 0
2026-03-06 15:37:37,998 - ERROR - Training error for pair XLM/USDT, batch 37: The size of tensor a (512) must match the size of tensor b (200) at non-singleton dimension 0
2026-03-06 15:37:38,009 - ERROR - Training error for pair XLM/USDT, batch 38: The size of tensor a (512) must match the size of tensor b (200) at non-singleton dimension 0
2026-03-06 15:37:38,499 - ERROR - Validation error for pair XLM/USDT: The size of tensor a (512) must match the size of tensor b (200) at non-singleton dimension 0
2026-03-06 15:37:38,510 - ERROR - Validation error for pair XLM/USDT: The size of tensor a (512) must match the size of tensor b (200) at non-singleton dimension 0
2026-03-06 15:37:38,520 - ERROR - Validation error for pair XLM/USDT: The size of tensor a (512) must match the size of tensor b (200) at non-singleton dimension 0
2026-03-06 15:37:38,530 - ERROR - Validation error for pair XLM/USDT: The size of tensor a (512) must match the size of tensor b (200) at non-singleton dimension 0
2026-03-06 15:37:38,538 - ERROR - Validation error for pair XLM/USDT: The size of tensor a (512) must match the size of tensor b (200) at non-singleton dimension 0
2026-03-06 15:37:38,547 - ERROR - Validation error for pair XLM/USDT: The size of tensor a (512) must match the size of tensor b (200) at non-singleton dimension 0
2026-03-06 15:37:38,556 - ERROR - Validation error for pair XLM/USDT: The size of tensor a (512) must match the size of tensor b (200) at non-singleton dimension 0
2026-03-06 15:37:38,567 - ERROR - Validation error for pair XLM/USDT: The size of tensor a (512) must match the size of tensor b (200) at non-singleton dimension 0
2026-03-06 15:37:38,577 - ERROR - Validation error for pair XLM/USDT: The size of tensor a (512) must match the size of tensor b (200) at non-singleton dimension 0
2026-03-06 15:37:38,602 - ERROR - Validation error for pair XLM/USDT: The size of tensor a (392) must match the size of tensor b (200) at non-singleton dimension 0
2026-03-06 15:37:38,653 - INFO - Saved model checkpoint: best_XLM_USDT_epoch_0
2026-03-06 15:37:38,664 - ERROR - Training error for pair HBAR/USDT, batch 0: The size of tensor a (512) must match the size of tensor b (200) at non-singleton dimension 0
2026-03-06 15:37:38,674 - ERROR - Training error for pair HBAR/USDT, batch 1: The size of tensor a (512) must match the size of tensor b (200) at non-singleton dimension 0
2026-03-06 15:37:38,685 - ERROR - Training error for pair HBAR/USDT, batch 2: The size of tensor a (512) must match the size of tensor b (200) at non-singleton dimension 0
2026-03-06 15:37:38,696 - ERROR - Training error for pair HBAR/USDT, batch 3: The size of tensor a (512) must match the size of tensor b (200) at non-singleton dimension 0
2026-03-06 15:37:38,707 - ERROR - Training error for pair HBAR/USDT, batch 4: The size of tensor a (512) must match the size of tensor b (200) at non-singleton dimension 0
2026-03-06 15:37:38,719 - ERROR - Training error for pair HBAR/USDT, batch 5: The size of tensor a (512) must match the size of tensor b (200) at non-singleton dimension 0
2026-03-06 15:37:38,731 - ERROR - Training error for pair HBAR/USDT, batch 6: The size of tensor a (512) must match the size of tensor b (200) at non-singleton dimension 0
2026-03-06 15:37:38,743 - ERROR - Training error for pair HBAR/USDT, batch 7: The size of tensor a (512) must match the size of tensor b (200) at non-singleton dimension 0
2026-03-06 15:37:38,754 - ERROR - Training error for pair HBAR/USDT, batch 8: The size of tensor a (512) must match the size of tensor b (200) at non-singleton dimension 0
2026-03-06 15:37:38,766 - ERROR - Training error for pair HBAR/USDT, batch 9: The size of tensor a (512) must match the size of tensor b (200) at non-singleton dimension 0
2026-03-06 15:37:38,777 - ERROR - Training error for pair HBAR/USDT, batch 10: The size of tensor a (512) must match the size of tensor b (200) at non-singleton dimension 0
2026-03-06 15:37:38,790 - ERROR - Training error for pair HBAR/USDT, batch 11: The size of tensor a (512) must match the size of tensor b (200) at non-singleton dimension 0
2026-03-06 15:37:38,802 - ERROR - Training error for pair HBAR/USDT, batch 12: The size of tensor a (512) must match the size of tensor b (200) at non-singleton dimension 0
2026-03-06 15:37:38,813 - ERROR - Training error for pair HBAR/USDT, batch 13: The size of tensor a (512) must match the size of tensor b (200) at non-singleton dimension 0
2026-03-06 15:37:38,823 - ERROR - Training error for pair HBAR/USDT, batch 14: The size of tensor a (512) must match the size of tensor b (200) at non-singleton dimension 0
2026-03-06 15:37:38,834 - ERROR - Training error for pair HBAR/USDT, batch 15: The size of tensor a (512) must match the size of tensor b (200) at non-singleton dimension 0
2026-03-06 15:37:38,846 - ERROR - Training error for pair HBAR/USDT, batch 16: The size of tensor a (512) must match the size of tensor b (200) at non-singleton dimension 0
2026-03-06 15:37:38,857 - ERROR - Training error for pair HBAR/USDT, batch 17: The size of tensor a (512) must match the size of tensor b (200) at non-singleton dimension 0
2026-03-06 15:37:38,870 - ERROR - Training error for pair HBAR/USDT, batch 18: The size of tensor a (512) must match the size of tensor b (200) at non-singleton dimension 0
2026-03-06 15:37:38,882 - ERROR - Training error for pair HBAR/USDT, batch 19: The size of tensor a (512) must match the size of tensor b (200) at non-singleton dimension 0
2026-03-06 15:37:38,895 - ERROR - Training error for pair HBAR/USDT, batch 20: The size of tensor a (512) must match the size of tensor b (200) at non-singleton dimension 0
2026-03-06 15:37:38,907 - ERROR - Training error for pair HBAR/USDT, batch 21: The size of tensor a (512) must match the size of tensor b (200) at non-singleton dimension 0
2026-03-06 15:37:38,918 - ERROR - Training error for pair HBAR/USDT, batch 22: The size of tensor a (512) must match the size of tensor b (200) at non-singleton dimension 0
2026-03-06 15:37:38,933 - ERROR - Training error for pair HBAR/USDT, batch 23: The size of tensor a (512) must match the size of tensor b (200) at non-singleton dimension 0
2026-03-06 15:37:38,944 - ERROR - Training error for pair HBAR/USDT, batch 24: The size of tensor a (512) must match the size of tensor b (200) at non-singleton dimension 0
2026-03-06 15:37:38,954 - ERROR - Training error for pair HBAR/USDT, batch 25: The size of tensor a (512) must match the size of tensor b (200) at non-singleton dimension 0
2026-03-06 15:37:38,963 - ERROR - Training error for pair HBAR/USDT, batch 26: The size of tensor a (512) must match the size of tensor b (200) at non-singleton dimension 0
2026-03-06 15:37:38,973 - ERROR - Training error for pair HBAR/USDT, batch 27: The size of tensor a (512) must match the size of tensor b (200) at non-singleton dimension 0
2026-03-06 15:37:38,984 - ERROR - Training error for pair HBAR/USDT, batch 28: The size of tensor a (512) must match the size of tensor b (200) at non-singleton dimension 0
2026-03-06 15:37:39,013 - ERROR - Training error for pair HBAR/USDT, batch 29: The size of tensor a (512) must match the size of tensor b (200) at non-singleton dimension 0
2026-03-06 15:37:39,026 - ERROR - Training error for pair HBAR/USDT, batch 30: The size of tensor a (512) must match the size of tensor b (200) at non-singleton dimension 0
2026-03-06 15:37:39,038 - ERROR - Training error for pair HBAR/USDT, batch 31: The size of tensor a (512) must match the size of tensor b (200) at non-singleton dimension 0
2026-03-06 15:37:39,050 - ERROR - Training error for pair HBAR/USDT, batch 32: The size of tensor a (512) must match the size of tensor b (200) at non-singleton dimension 0
2026-03-06 15:37:39,059 - ERROR - Training error for pair HBAR/USDT, batch 33: The size of tensor a (512) must match the size of tensor b (200) at non-singleton dimension 0
2026-03-06 15:37:39,070 - ERROR - Training error for pair HBAR/USDT, batch 34: The size of tensor a (512) must match the size of tensor b (200) at non-singleton dimension 0
2026-03-06 15:37:39,079 - ERROR - Training error for pair HBAR/USDT, batch 35: The size of tensor a (512) must match the size of tensor b (200) at non-singleton dimension 0
2026-03-06 15:37:39,088 - ERROR - Training error for pair HBAR/USDT, batch 36: The size of tensor a (512) must match the size of tensor b (200) at non-singleton dimension 0
2026-03-06 15:37:39,098 - ERROR - Training error for pair HBAR/USDT, batch 37: The size of tensor a (512) must match the size of tensor b (200) at non-singleton dimension 0
2026-03-06 15:37:39,107 - ERROR - Training error for pair HBAR/USDT, batch 38: The size of tensor a (512) must match the size of tensor b (200) at non-singleton dimension 0
2026-03-06 15:37:39,185 - ERROR - Validation error for pair HBAR/USDT: The size of tensor a (512) must match the size of tensor b (200) at non-singleton dimension 0
2026-03-06 15:37:39,198 - ERROR - Validation error for pair HBAR/USDT: The size of tensor a (512) must match the size of tensor b (200) at non-singleton dimension 0
2026-03-06 15:37:39,207 - ERROR - Validation error for pair HBAR/USDT: The size of tensor a (512) must match the size of tensor b (200) at non-singleton dimension 0
2026-03-06 15:37:39,216 - ERROR - Validation error for pair HBAR/USDT: The size of tensor a (512) must match the size of tensor b (200) at non-singleton dimension 0
2026-03-06 15:37:39,226 - ERROR - Validation error for pair HBAR/USDT: The size of tensor a (512) must match the size of tensor b (200) at non-singleton dimension 0
2026-03-06 15:37:39,236 - ERROR - Validation error for pair HBAR/USDT: The size of tensor a (512) must match the size of tensor b (200) at non-singleton dimension 0
2026-03-06 15:37:39,246 - ERROR - Validation error for pair HBAR/USDT: The size of tensor a (512) must match the size of tensor b (200) at non-singleton dimension 0
2026-03-06 15:37:39,254 - ERROR - Validation error for pair HBAR/USDT: The size of tensor a (512) must match the size of tensor b (200) at non-singleton dimension 0
2026-03-06 15:37:39,265 - ERROR - Validation error for pair HBAR/USDT: The size of tensor a (512) must match the size of tensor b (200) at non-singleton dimension 0
2026-03-06 15:37:39,273 - ERROR - Validation error for pair HBAR/USDT: The size of tensor a (392) must match the size of tensor b (200) at non-singleton dimension 0
2026-03-06 15:37:39,321 - INFO - Saved model checkpoint: best_HBAR_USDT_epoch_0
2026-03-06 15:37:39,328 - INFO - .2f
2026-03-06 15:37:39,328 - INFO - Multi-pair training completed
2026-03-06 15:37:39,376 - INFO - Saved model checkpoint: final_XLM_USDT
2026-03-06 15:37:39,434 - INFO - Saved model checkpoint: final_HBAR_USDT
2026-03-06 15:37:39,434 - INFO - GPU arbitrage training completed successfully
2026-03-06 15:37:39,569 - INFO - Training results saved to E:\Users\Gino\Downloads\SovereignForge\models\training_results
2026-03-06 15:37:39,569 - INFO - Training completed in 9.61 seconds
2026-03-06 15:37:39,959 - INFO - GPU safety monitoring stopped
2026-03-06 15:37:39,964 - INFO - GPU Manager shutdown
2026-03-06 15:37:39,965 - INFO - Training results saved to models/training_results_20260306_153739.json
2026-03-06 15:37:39,965 - INFO - Training report generated: reports/gpu_training_report_20260306_153739.md
2026-03-06 15:37:39,965 - INFO - Training completed in 10.01 seconds
2026-03-06 15:37:39,965 - INFO - GPU training cleanup completed
2026-03-06 15:38:28,208 - INFO - Initializing GPU training environment...
2026-03-06 15:38:28,329 - INFO - GPU safety monitoring started
2026-03-06 15:38:28,329 - INFO - GPU Manager initialized on NVIDIA GeForce RTX 4060 Ti
2026-03-06 15:38:28,331 - INFO - GPU safety monitoring started
2026-03-06 15:38:28,331 - INFO - GPU Manager initialized on NVIDIA GeForce RTX 4060 Ti
2026-03-06 15:38:28,331 - INFO - GPU training setup complete on NVIDIA GeForce RTX 4060 Ti
2026-03-06 15:38:28,331 - INFO - GPU training environment initialized successfully
2026-03-06 15:38:28,332 - INFO - ============================================================
2026-03-06 15:38:28,332 - INFO - STARTING SOVEREIGNFORGE GPU TRAINING - WAVE 7
2026-03-06 15:38:28,332 - INFO - ============================================================
2026-03-06 15:38:28,332 - INFO - 
GPU Training Configuration:
- Pairs: ['XLM/USDT', 'HBAR/USDT']
- Epochs: 1
- Batch Size: 256
- GPU Device: 0
- Memory Fraction: 0.8
- Learning Rate: 0.0001
- Gradient Clip: 1.0
- TensorBoard: False
- Weights & Biases: False
- GPU Monitoring: True
- Mixed Precision: False
        
2026-03-06 15:38:28,332 - INFO - GPU monitoring active via safety manager
2026-03-06 15:38:28,332 - INFO - GPU training environment initialized successfully
2026-03-06 15:38:28,333 - INFO - Starting GPU-accelerated arbitrage training
2026-03-06 15:38:28,333 - INFO - Pairs: ['XLM/USDT', 'HBAR/USDT']
2026-03-06 15:38:28,333 - INFO - Exchanges: ['binance', 'coinbase', 'kraken']
2026-03-06 15:38:28,333 - INFO - Epochs: 1, Batch size: 256
2026-03-06 15:38:28,333 - INFO - GPU Memory - Allocated: 0.0MB, Free: 15223.0MB
2026-03-06 15:38:28,333 - INFO - Training monitoring enabled (basic)
2026-03-06 15:38:28,333 - INFO - GPU training setup complete on NVIDIA GeForce RTX 4060 Ti
2026-03-06 15:38:35,987 - INFO - Starting GPU training for 2 pairs with 1 epochs
2026-03-06 15:38:35,987 - INFO - Starting multi-pair training for 2 pairs on GPU
2026-03-06 15:38:36,004 - INFO - Epoch 1/1
2026-03-06 15:38:36,097 - ERROR - Training error for pair XLM/USDT, batch 0: The size of tensor a (256) must match the size of tensor b (200) at non-singleton dimension 0
2026-03-06 15:38:36,107 - ERROR - Training error for pair XLM/USDT, batch 1: The size of tensor a (256) must match the size of tensor b (200) at non-singleton dimension 0
2026-03-06 15:38:36,111 - ERROR - Training error for pair XLM/USDT, batch 2: The size of tensor a (256) must match the size of tensor b (200) at non-singleton dimension 0
2026-03-06 15:38:36,116 - ERROR - Training error for pair XLM/USDT, batch 3: The size of tensor a (256) must match the size of tensor b (200) at non-singleton dimension 0
2026-03-06 15:38:36,120 - ERROR - Training error for pair XLM/USDT, batch 4: The size of tensor a (256) must match the size of tensor b (200) at non-singleton dimension 0
2026-03-06 15:38:36,125 - ERROR - Training error for pair XLM/USDT, batch 5: The size of tensor a (256) must match the size of tensor b (200) at non-singleton dimension 0
2026-03-06 15:38:36,129 - ERROR - Training error for pair XLM/USDT, batch 6: The size of tensor a (256) must match the size of tensor b (200) at non-singleton dimension 0
2026-03-06 15:38:36,133 - ERROR - Training error for pair XLM/USDT, batch 7: The size of tensor a (256) must match the size of tensor b (200) at non-singleton dimension 0
2026-03-06 15:38:36,139 - ERROR - Training error for pair XLM/USDT, batch 8: The size of tensor a (256) must match the size of tensor b (200) at non-singleton dimension 0
2026-03-06 15:38:36,146 - ERROR - Training error for pair XLM/USDT, batch 9: The size of tensor a (256) must match the size of tensor b (200) at non-singleton dimension 0
2026-03-06 15:38:36,152 - ERROR - Training error for pair XLM/USDT, batch 10: The size of tensor a (256) must match the size of tensor b (200) at non-singleton dimension 0
2026-03-06 15:38:36,157 - ERROR - Training error for pair XLM/USDT, batch 11: The size of tensor a (256) must match the size of tensor b (200) at non-singleton dimension 0
2026-03-06 15:38:36,163 - ERROR - Training error for pair XLM/USDT, batch 12: The size of tensor a (256) must match the size of tensor b (200) at non-singleton dimension 0
2026-03-06 15:38:36,170 - ERROR - Training error for pair XLM/USDT, batch 13: The size of tensor a (256) must match the size of tensor b (200) at non-singleton dimension 0
2026-03-06 15:38:36,174 - ERROR - Training error for pair XLM/USDT, batch 14: The size of tensor a (256) must match the size of tensor b (200) at non-singleton dimension 0
2026-03-06 15:38:36,180 - ERROR - Training error for pair XLM/USDT, batch 15: The size of tensor a (256) must match the size of tensor b (200) at non-singleton dimension 0
2026-03-06 15:38:36,186 - ERROR - Training error for pair XLM/USDT, batch 16: The size of tensor a (256) must match the size of tensor b (200) at non-singleton dimension 0
2026-03-06 15:38:36,191 - ERROR - Training error for pair XLM/USDT, batch 17: The size of tensor a (256) must match the size of tensor b (200) at non-singleton dimension 0
2026-03-06 15:38:36,196 - ERROR - Training error for pair XLM/USDT, batch 18: The size of tensor a (256) must match the size of tensor b (200) at non-singleton dimension 0
2026-03-06 15:38:36,203 - ERROR - Training error for pair XLM/USDT, batch 19: The size of tensor a (256) must match the size of tensor b (200) at non-singleton dimension 0
2026-03-06 15:38:36,208 - ERROR - Training error for pair XLM/USDT, batch 20: The size of tensor a (256) must match the size of tensor b (200) at non-singleton dimension 0
2026-03-06 15:38:36,214 - ERROR - Training error for pair XLM/USDT, batch 21: The size of tensor a (256) must match the size of tensor b (200) at non-singleton dimension 0
2026-03-06 15:38:36,219 - ERROR - Training error for pair XLM/USDT, batch 22: The size of tensor a (256) must match the size of tensor b (200) at non-singleton dimension 0
2026-03-06 15:38:36,226 - ERROR - Training error for pair XLM/USDT, batch 23: The size of tensor a (256) must match the size of tensor b (200) at non-singleton dimension 0
2026-03-06 15:38:36,233 - ERROR - Training error for pair XLM/USDT, batch 24: The size of tensor a (256) must match the size of tensor b (200) at non-singleton dimension 0
2026-03-06 15:38:36,238 - ERROR - Training error for pair XLM/USDT, batch 25: The size of tensor a (256) must match the size of tensor b (200) at non-singleton dimension 0
2026-03-06 15:38:36,255 - ERROR - Training error for pair XLM/USDT, batch 26: The size of tensor a (256) must match the size of tensor b (200) at non-singleton dimension 0
2026-03-06 15:38:36,264 - ERROR - Training error for pair XLM/USDT, batch 27: The size of tensor a (256) must match the size of tensor b (200) at non-singleton dimension 0
2026-03-06 15:38:36,291 - ERROR - Training error for pair XLM/USDT, batch 28: The size of tensor a (256) must match the size of tensor b (200) at non-singleton dimension 0
2026-03-06 15:38:36,299 - ERROR - Training error for pair XLM/USDT, batch 29: The size of tensor a (256) must match the size of tensor b (200) at non-singleton dimension 0
2026-03-06 15:38:36,307 - ERROR - Training error for pair XLM/USDT, batch 30: The size of tensor a (256) must match the size of tensor b (200) at non-singleton dimension 0
2026-03-06 15:38:36,314 - ERROR - Training error for pair XLM/USDT, batch 31: The size of tensor a (256) must match the size of tensor b (200) at non-singleton dimension 0
2026-03-06 15:38:36,318 - ERROR - Training error for pair XLM/USDT, batch 32: The size of tensor a (256) must match the size of tensor b (200) at non-singleton dimension 0
2026-03-06 15:38:36,323 - ERROR - Training error for pair XLM/USDT, batch 33: The size of tensor a (256) must match the size of tensor b (200) at non-singleton dimension 0
2026-03-06 15:38:36,328 - ERROR - Training error for pair XLM/USDT, batch 34: The size of tensor a (256) must match the size of tensor b (200) at non-singleton dimension 0
2026-03-06 15:38:36,332 - ERROR - Training error for pair XLM/USDT, batch 35: The size of tensor a (256) must match the size of tensor b (200) at non-singleton dimension 0
2026-03-06 15:38:36,338 - ERROR - Training error for pair XLM/USDT, batch 36: The size of tensor a (256) must match the size of tensor b (200) at non-singleton dimension 0
2026-03-06 15:38:36,345 - ERROR - Training error for pair XLM/USDT, batch 37: The size of tensor a (256) must match the size of tensor b (200) at non-singleton dimension 0
2026-03-06 15:38:36,350 - ERROR - Training error for pair XLM/USDT, batch 38: The size of tensor a (256) must match the size of tensor b (200) at non-singleton dimension 0
2026-03-06 15:38:36,357 - ERROR - Training error for pair XLM/USDT, batch 39: The size of tensor a (256) must match the size of tensor b (200) at non-singleton dimension 0
2026-03-06 15:38:36,363 - ERROR - Training error for pair XLM/USDT, batch 40: The size of tensor a (256) must match the size of tensor b (200) at non-singleton dimension 0
2026-03-06 15:38:36,368 - ERROR - Training error for pair XLM/USDT, batch 41: The size of tensor a (256) must match the size of tensor b (200) at non-singleton dimension 0
2026-03-06 15:38:36,374 - ERROR - Training error for pair XLM/USDT, batch 42: The size of tensor a (256) must match the size of tensor b (200) at non-singleton dimension 0
2026-03-06 15:38:36,381 - ERROR - Training error for pair XLM/USDT, batch 43: The size of tensor a (256) must match the size of tensor b (200) at non-singleton dimension 0
2026-03-06 15:38:36,388 - ERROR - Training error for pair XLM/USDT, batch 44: The size of tensor a (256) must match the size of tensor b (200) at non-singleton dimension 0
2026-03-06 15:38:36,393 - ERROR - Training error for pair XLM/USDT, batch 45: The size of tensor a (256) must match the size of tensor b (200) at non-singleton dimension 0
2026-03-06 15:38:36,398 - ERROR - Training error for pair XLM/USDT, batch 46: The size of tensor a (256) must match the size of tensor b (200) at non-singleton dimension 0
2026-03-06 15:38:36,405 - ERROR - Training error for pair XLM/USDT, batch 47: The size of tensor a (256) must match the size of tensor b (200) at non-singleton dimension 0
2026-03-06 15:38:36,411 - ERROR - Training error for pair XLM/USDT, batch 48: The size of tensor a (256) must match the size of tensor b (200) at non-singleton dimension 0
2026-03-06 15:38:36,417 - ERROR - Training error for pair XLM/USDT, batch 49: The size of tensor a (256) must match the size of tensor b (200) at non-singleton dimension 0
2026-03-06 15:38:36,423 - ERROR - Training error for pair XLM/USDT, batch 50: The size of tensor a (256) must match the size of tensor b (200) at non-singleton dimension 0
2026-03-06 15:38:36,431 - ERROR - Training error for pair XLM/USDT, batch 51: The size of tensor a (256) must match the size of tensor b (200) at non-singleton dimension 0
2026-03-06 15:38:36,435 - ERROR - Training error for pair XLM/USDT, batch 52: The size of tensor a (256) must match the size of tensor b (200) at non-singleton dimension 0
2026-03-06 15:38:36,441 - ERROR - Training error for pair XLM/USDT, batch 53: The size of tensor a (256) must match the size of tensor b (200) at non-singleton dimension 0
2026-03-06 15:38:36,449 - ERROR - Training error for pair XLM/USDT, batch 54: The size of tensor a (256) must match the size of tensor b (200) at non-singleton dimension 0
2026-03-06 15:38:36,456 - ERROR - Training error for pair XLM/USDT, batch 55: The size of tensor a (256) must match the size of tensor b (200) at non-singleton dimension 0
2026-03-06 15:38:36,463 - ERROR - Training error for pair XLM/USDT, batch 56: The size of tensor a (256) must match the size of tensor b (200) at non-singleton dimension 0
2026-03-06 15:38:36,468 - ERROR - Training error for pair XLM/USDT, batch 57: The size of tensor a (256) must match the size of tensor b (200) at non-singleton dimension 0
2026-03-06 15:38:36,473 - ERROR - Training error for pair XLM/USDT, batch 58: The size of tensor a (256) must match the size of tensor b (200) at non-singleton dimension 0
2026-03-06 15:38:36,479 - ERROR - Training error for pair XLM/USDT, batch 59: The size of tensor a (256) must match the size of tensor b (200) at non-singleton dimension 0
2026-03-06 15:38:36,485 - ERROR - Training error for pair XLM/USDT, batch 60: The size of tensor a (256) must match the size of tensor b (200) at non-singleton dimension 0
2026-03-06 15:38:36,490 - ERROR - Training error for pair XLM/USDT, batch 61: The size of tensor a (256) must match the size of tensor b (200) at non-singleton dimension 0
2026-03-06 15:38:36,497 - ERROR - Training error for pair XLM/USDT, batch 62: The size of tensor a (256) must match the size of tensor b (200) at non-singleton dimension 0
2026-03-06 15:38:36,503 - ERROR - Training error for pair XLM/USDT, batch 63: The size of tensor a (256) must match the size of tensor b (200) at non-singleton dimension 0
2026-03-06 15:38:36,509 - ERROR - Training error for pair XLM/USDT, batch 64: The size of tensor a (256) must match the size of tensor b (200) at non-singleton dimension 0
2026-03-06 15:38:36,515 - ERROR - Training error for pair XLM/USDT, batch 65: The size of tensor a (256) must match the size of tensor b (200) at non-singleton dimension 0
2026-03-06 15:38:36,520 - ERROR - Training error for pair XLM/USDT, batch 66: The size of tensor a (256) must match the size of tensor b (200) at non-singleton dimension 0
2026-03-06 15:38:36,526 - ERROR - Training error for pair XLM/USDT, batch 67: The size of tensor a (256) must match the size of tensor b (200) at non-singleton dimension 0
2026-03-06 15:38:36,531 - ERROR - Training error for pair XLM/USDT, batch 68: The size of tensor a (256) must match the size of tensor b (200) at non-singleton dimension 0
2026-03-06 15:38:36,538 - ERROR - Training error for pair XLM/USDT, batch 69: The size of tensor a (256) must match the size of tensor b (200) at non-singleton dimension 0
2026-03-06 15:38:36,544 - ERROR - Training error for pair XLM/USDT, batch 70: The size of tensor a (256) must match the size of tensor b (200) at non-singleton dimension 0
2026-03-06 15:38:36,549 - ERROR - Training error for pair XLM/USDT, batch 71: The size of tensor a (256) must match the size of tensor b (200) at non-singleton dimension 0
2026-03-06 15:38:36,555 - ERROR - Training error for pair XLM/USDT, batch 72: The size of tensor a (256) must match the size of tensor b (200) at non-singleton dimension 0
2026-03-06 15:38:36,560 - ERROR - Training error for pair XLM/USDT, batch 73: The size of tensor a (256) must match the size of tensor b (200) at non-singleton dimension 0
2026-03-06 15:38:36,567 - ERROR - Training error for pair XLM/USDT, batch 74: The size of tensor a (256) must match the size of tensor b (200) at non-singleton dimension 0
2026-03-06 15:38:36,579 - ERROR - Training error for pair XLM/USDT, batch 75: The size of tensor a (256) must match the size of tensor b (200) at non-singleton dimension 0
2026-03-06 15:38:36,588 - ERROR - Training error for pair XLM/USDT, batch 76: The size of tensor a (256) must match the size of tensor b (200) at non-singleton dimension 0
2026-03-06 15:38:36,593 - ERROR - Training error for pair XLM/USDT, batch 77: The size of tensor a (256) must match the size of tensor b (200) at non-singleton dimension 0
2026-03-06 15:38:37,048 - ERROR - Validation error for pair XLM/USDT: The size of tensor a (256) must match the size of tensor b (200) at non-singleton dimension 0
2026-03-06 15:38:37,056 - ERROR - Validation error for pair XLM/USDT: The size of tensor a (256) must match the size of tensor b (200) at non-singleton dimension 0
2026-03-06 15:38:37,060 - ERROR - Validation error for pair XLM/USDT: The size of tensor a (256) must match the size of tensor b (200) at non-singleton dimension 0
2026-03-06 15:38:37,065 - ERROR - Validation error for pair XLM/USDT: The size of tensor a (256) must match the size of tensor b (200) at non-singleton dimension 0
2026-03-06 15:38:37,071 - ERROR - Validation error for pair XLM/USDT: The size of tensor a (256) must match the size of tensor b (200) at non-singleton dimension 0
2026-03-06 15:38:37,077 - ERROR - Validation error for pair XLM/USDT: The size of tensor a (256) must match the size of tensor b (200) at non-singleton dimension 0
2026-03-06 15:38:37,081 - ERROR - Validation error for pair XLM/USDT: The size of tensor a (256) must match the size of tensor b (200) at non-singleton dimension 0
2026-03-06 15:38:37,085 - ERROR - Validation error for pair XLM/USDT: The size of tensor a (256) must match the size of tensor b (200) at non-singleton dimension 0
2026-03-06 15:38:37,090 - ERROR - Validation error for pair XLM/USDT: The size of tensor a (256) must match the size of tensor b (200) at non-singleton dimension 0
2026-03-06 15:38:37,095 - ERROR - Validation error for pair XLM/USDT: The size of tensor a (256) must match the size of tensor b (200) at non-singleton dimension 0
2026-03-06 15:38:37,099 - ERROR - Validation error for pair XLM/USDT: The size of tensor a (256) must match the size of tensor b (200) at non-singleton dimension 0
2026-03-06 15:38:37,105 - ERROR - Validation error for pair XLM/USDT: The size of tensor a (256) must match the size of tensor b (200) at non-singleton dimension 0
2026-03-06 15:38:37,111 - ERROR - Validation error for pair XLM/USDT: The size of tensor a (256) must match the size of tensor b (200) at non-singleton dimension 0
2026-03-06 15:38:37,116 - ERROR - Validation error for pair XLM/USDT: The size of tensor a (256) must match the size of tensor b (200) at non-singleton dimension 0
2026-03-06 15:38:37,122 - ERROR - Validation error for pair XLM/USDT: The size of tensor a (256) must match the size of tensor b (200) at non-singleton dimension 0
2026-03-06 15:38:37,128 - ERROR - Validation error for pair XLM/USDT: The size of tensor a (256) must match the size of tensor b (200) at non-singleton dimension 0
2026-03-06 15:38:37,133 - ERROR - Validation error for pair XLM/USDT: The size of tensor a (256) must match the size of tensor b (200) at non-singleton dimension 0
2026-03-06 15:38:37,139 - ERROR - Validation error for pair XLM/USDT: The size of tensor a (256) must match the size of tensor b (200) at non-singleton dimension 0
2026-03-06 15:38:37,145 - ERROR - Validation error for pair XLM/USDT: The size of tensor a (256) must match the size of tensor b (200) at non-singleton dimension 0
2026-03-06 15:38:37,461 - INFO - Saved model checkpoint: best_XLM_USDT_epoch_0
2026-03-06 15:38:37,468 - ERROR - Training error for pair HBAR/USDT, batch 0: The size of tensor a (256) must match the size of tensor b (200) at non-singleton dimension 0
2026-03-06 15:38:37,474 - ERROR - Training error for pair HBAR/USDT, batch 1: The size of tensor a (256) must match the size of tensor b (200) at non-singleton dimension 0
2026-03-06 15:38:37,480 - ERROR - Training error for pair HBAR/USDT, batch 2: The size of tensor a (256) must match the size of tensor b (200) at non-singleton dimension 0
2026-03-06 15:38:37,485 - ERROR - Training error for pair HBAR/USDT, batch 3: The size of tensor a (256) must match the size of tensor b (200) at non-singleton dimension 0
2026-03-06 15:38:37,491 - ERROR - Training error for pair HBAR/USDT, batch 4: The size of tensor a (256) must match the size of tensor b (200) at non-singleton dimension 0
2026-03-06 15:38:37,498 - ERROR - Training error for pair HBAR/USDT, batch 5: The size of tensor a (256) must match the size of tensor b (200) at non-singleton dimension 0
2026-03-06 15:38:37,503 - ERROR - Training error for pair HBAR/USDT, batch 6: The size of tensor a (256) must match the size of tensor b (200) at non-singleton dimension 0
2026-03-06 15:38:37,508 - ERROR - Training error for pair HBAR/USDT, batch 7: The size of tensor a (256) must match the size of tensor b (200) at non-singleton dimension 0
2026-03-06 15:38:37,512 - ERROR - Training error for pair HBAR/USDT, batch 8: The size of tensor a (256) must match the size of tensor b (200) at non-singleton dimension 0
2026-03-06 15:38:37,517 - ERROR - Training error for pair HBAR/USDT, batch 9: The size of tensor a (256) must match the size of tensor b (200) at non-singleton dimension 0
2026-03-06 15:38:37,522 - ERROR - Training error for pair HBAR/USDT, batch 10: The size of tensor a (256) must match the size of tensor b (200) at non-singleton dimension 0
2026-03-06 15:38:37,528 - ERROR - Training error for pair HBAR/USDT, batch 11: The size of tensor a (256) must match the size of tensor b (200) at non-singleton dimension 0
2026-03-06 15:38:37,533 - ERROR - Training error for pair HBAR/USDT, batch 12: The size of tensor a (256) must match the size of tensor b (200) at non-singleton dimension 0
2026-03-06 15:38:37,539 - ERROR - Training error for pair HBAR/USDT, batch 13: The size of tensor a (256) must match the size of tensor b (200) at non-singleton dimension 0
2026-03-06 15:38:37,545 - ERROR - Training error for pair HBAR/USDT, batch 14: The size of tensor a (256) must match the size of tensor b (200) at non-singleton dimension 0
2026-03-06 15:38:37,551 - ERROR - Training error for pair HBAR/USDT, batch 15: The size of tensor a (256) must match the size of tensor b (200) at non-singleton dimension 0
2026-03-06 15:38:37,559 - ERROR - Training error for pair HBAR/USDT, batch 16: The size of tensor a (256) must match the size of tensor b (200) at non-singleton dimension 0
2026-03-06 15:38:37,564 - ERROR - Training error for pair HBAR/USDT, batch 17: The size of tensor a (256) must match the size of tensor b (200) at non-singleton dimension 0
2026-03-06 15:38:37,571 - ERROR - Training error for pair HBAR/USDT, batch 18: The size of tensor a (256) must match the size of tensor b (200) at non-singleton dimension 0
2026-03-06 15:38:37,577 - ERROR - Training error for pair HBAR/USDT, batch 19: The size of tensor a (256) must match the size of tensor b (200) at non-singleton dimension 0
2026-03-06 15:38:37,583 - ERROR - Training error for pair HBAR/USDT, batch 20: The size of tensor a (256) must match the size of tensor b (200) at non-singleton dimension 0
2026-03-06 15:38:37,587 - ERROR - Training error for pair HBAR/USDT, batch 21: The size of tensor a (256) must match the size of tensor b (200) at non-singleton dimension 0
2026-03-06 15:38:37,594 - ERROR - Training error for pair HBAR/USDT, batch 22: The size of tensor a (256) must match the size of tensor b (200) at non-singleton dimension 0
2026-03-06 15:38:37,600 - ERROR - Training error for pair HBAR/USDT, batch 23: The size of tensor a (256) must match the size of tensor b (200) at non-singleton dimension 0
2026-03-06 15:38:37,606 - ERROR - Training error for pair HBAR/USDT, batch 24: The size of tensor a (256) must match the size of tensor b (200) at non-singleton dimension 0
2026-03-06 15:38:37,612 - ERROR - Training error for pair HBAR/USDT, batch 25: The size of tensor a (256) must match the size of tensor b (200) at non-singleton dimension 0
2026-03-06 15:38:37,618 - ERROR - Training error for pair HBAR/USDT, batch 26: The size of tensor a (256) must match the size of tensor b (200) at non-singleton dimension 0
2026-03-06 15:38:37,624 - ERROR - Training error for pair HBAR/USDT, batch 27: The size of tensor a (256) must match the size of tensor b (200) at non-singleton dimension 0
2026-03-06 15:38:37,630 - ERROR - Training error for pair HBAR/USDT, batch 28: The size of tensor a (256) must match the size of tensor b (200) at non-singleton dimension 0
2026-03-06 15:38:37,636 - ERROR - Training error for pair HBAR/USDT, batch 29: The size of tensor a (256) must match the size of tensor b (200) at non-singleton dimension 0
2026-03-06 15:38:37,642 - ERROR - Training error for pair HBAR/USDT, batch 30: The size of tensor a (256) must match the size of tensor b (200) at non-singleton dimension 0
2026-03-06 15:38:37,647 - ERROR - Training error for pair HBAR/USDT, batch 31: The size of tensor a (256) must match the size of tensor b (200) at non-singleton dimension 0
2026-03-06 15:38:37,653 - ERROR - Training error for pair HBAR/USDT, batch 32: The size of tensor a (256) must match the size of tensor b (200) at non-singleton dimension 0
2026-03-06 15:38:37,659 - ERROR - Training error for pair HBAR/USDT, batch 33: The size of tensor a (256) must match the size of tensor b (200) at non-singleton dimension 0
2026-03-06 15:38:37,668 - ERROR - Training error for pair HBAR/USDT, batch 34: The size of tensor a (256) must match the size of tensor b (200) at non-singleton dimension 0
2026-03-06 15:38:37,677 - ERROR - Training error for pair HBAR/USDT, batch 35: The size of tensor a (256) must match the size of tensor b (200) at non-singleton dimension 0
2026-03-06 15:38:37,693 - ERROR - Training error for pair HBAR/USDT, batch 36: The size of tensor a (256) must match the size of tensor b (200) at non-singleton dimension 0
2026-03-06 15:38:37,700 - ERROR - Training error for pair HBAR/USDT, batch 37: The size of tensor a (256) must match the size of tensor b (200) at non-singleton dimension 0
2026-03-06 15:38:37,709 - ERROR - Training error for pair HBAR/USDT, batch 38: The size of tensor a (256) must match the size of tensor b (200) at non-singleton dimension 0
2026-03-06 15:38:37,714 - ERROR - Training error for pair HBAR/USDT, batch 39: The size of tensor a (256) must match the size of tensor b (200) at non-singleton dimension 0
2026-03-06 15:38:37,719 - ERROR - Training error for pair HBAR/USDT, batch 40: The size of tensor a (256) must match the size of tensor b (200) at non-singleton dimension 0
2026-03-06 15:38:37,727 - ERROR - Training error for pair HBAR/USDT, batch 41: The size of tensor a (256) must match the size of tensor b (200) at non-singleton dimension 0
2026-03-06 15:38:37,733 - ERROR - Training error for pair HBAR/USDT, batch 42: The size of tensor a (256) must match the size of tensor b (200) at non-singleton dimension 0
2026-03-06 15:38:37,738 - ERROR - Training error for pair HBAR/USDT, batch 43: The size of tensor a (256) must match the size of tensor b (200) at non-singleton dimension 0
2026-03-06 15:38:37,744 - ERROR - Training error for pair HBAR/USDT, batch 44: The size of tensor a (256) must match the size of tensor b (200) at non-singleton dimension 0
2026-03-06 15:38:37,749 - ERROR - Training error for pair HBAR/USDT, batch 45: The size of tensor a (256) must match the size of tensor b (200) at non-singleton dimension 0
2026-03-06 15:38:37,754 - ERROR - Training error for pair HBAR/USDT, batch 46: The size of tensor a (256) must match the size of tensor b (200) at non-singleton dimension 0
2026-03-06 15:38:37,759 - ERROR - Training error for pair HBAR/USDT, batch 47: The size of tensor a (256) must match the size of tensor b (200) at non-singleton dimension 0
2026-03-06 15:38:37,764 - ERROR - Training error for pair HBAR/USDT, batch 48: The size of tensor a (256) must match the size of tensor b (200) at non-singleton dimension 0
2026-03-06 15:38:37,770 - ERROR - Training error for pair HBAR/USDT, batch 49: The size of tensor a (256) must match the size of tensor b (200) at non-singleton dimension 0
2026-03-06 15:38:37,776 - ERROR - Training error for pair HBAR/USDT, batch 50: The size of tensor a (256) must match the size of tensor b (200) at non-singleton dimension 0
2026-03-06 15:38:37,782 - ERROR - Training error for pair HBAR/USDT, batch 51: The size of tensor a (256) must match the size of tensor b (200) at non-singleton dimension 0
2026-03-06 15:38:37,787 - ERROR - Training error for pair HBAR/USDT, batch 52: The size of tensor a (256) must match the size of tensor b (200) at non-singleton dimension 0
2026-03-06 15:38:37,793 - ERROR - Training error for pair HBAR/USDT, batch 53: The size of tensor a (256) must match the size of tensor b (200) at non-singleton dimension 0
2026-03-06 15:38:37,798 - ERROR - Training error for pair HBAR/USDT, batch 54: The size of tensor a (256) must match the size of tensor b (200) at non-singleton dimension 0
2026-03-06 15:38:37,804 - ERROR - Training error for pair HBAR/USDT, batch 55: The size of tensor a (256) must match the size of tensor b (200) at non-singleton dimension 0
2026-03-06 15:38:37,809 - ERROR - Training error for pair HBAR/USDT, batch 56: The size of tensor a (256) must match the size of tensor b (200) at non-singleton dimension 0
2026-03-06 15:38:37,816 - ERROR - Training error for pair HBAR/USDT, batch 57: The size of tensor a (256) must match the size of tensor b (200) at non-singleton dimension 0
2026-03-06 15:38:37,823 - ERROR - Training error for pair HBAR/USDT, batch 58: The size of tensor a (256) must match the size of tensor b (200) at non-singleton dimension 0
2026-03-06 15:38:37,829 - ERROR - Training error for pair HBAR/USDT, batch 59: The size of tensor a (256) must match the size of tensor b (200) at non-singleton dimension 0
2026-03-06 15:38:37,835 - ERROR - Training error for pair HBAR/USDT, batch 60: The size of tensor a (256) must match the size of tensor b (200) at non-singleton dimension 0
2026-03-06 15:38:37,842 - ERROR - Training error for pair HBAR/USDT, batch 61: The size of tensor a (256) must match the size of tensor b (200) at non-singleton dimension 0
2026-03-06 15:38:37,848 - ERROR - Training error for pair HBAR/USDT, batch 62: The size of tensor a (256) must match the size of tensor b (200) at non-singleton dimension 0
2026-03-06 15:38:37,858 - ERROR - Training error for pair HBAR/USDT, batch 63: The size of tensor a (256) must match the size of tensor b (200) at non-singleton dimension 0
2026-03-06 15:38:37,866 - ERROR - Training error for pair HBAR/USDT, batch 64: The size of tensor a (256) must match the size of tensor b (200) at non-singleton dimension 0
2026-03-06 15:38:37,873 - ERROR - Training error for pair HBAR/USDT, batch 65: The size of tensor a (256) must match the size of tensor b (200) at non-singleton dimension 0
2026-03-06 15:38:37,880 - ERROR - Training error for pair HBAR/USDT, batch 66: The size of tensor a (256) must match the size of tensor b (200) at non-singleton dimension 0
2026-03-06 15:38:37,885 - ERROR - Training error for pair HBAR/USDT, batch 67: The size of tensor a (256) must match the size of tensor b (200) at non-singleton dimension 0
2026-03-06 15:38:37,891 - ERROR - Training error for pair HBAR/USDT, batch 68: The size of tensor a (256) must match the size of tensor b (200) at non-singleton dimension 0
2026-03-06 15:38:37,898 - ERROR - Training error for pair HBAR/USDT, batch 69: The size of tensor a (256) must match the size of tensor b (200) at non-singleton dimension 0
2026-03-06 15:38:37,903 - ERROR - Training error for pair HBAR/USDT, batch 70: The size of tensor a (256) must match the size of tensor b (200) at non-singleton dimension 0
2026-03-06 15:38:37,908 - ERROR - Training error for pair HBAR/USDT, batch 71: The size of tensor a (256) must match the size of tensor b (200) at non-singleton dimension 0
2026-03-06 15:38:37,914 - ERROR - Training error for pair HBAR/USDT, batch 72: The size of tensor a (256) must match the size of tensor b (200) at non-singleton dimension 0
2026-03-06 15:38:37,920 - ERROR - Training error for pair HBAR/USDT, batch 73: The size of tensor a (256) must match the size of tensor b (200) at non-singleton dimension 0
2026-03-06 15:38:37,926 - ERROR - Training error for pair HBAR/USDT, batch 74: The size of tensor a (256) must match the size of tensor b (200) at non-singleton dimension 0
2026-03-06 15:38:37,931 - ERROR - Training error for pair HBAR/USDT, batch 75: The size of tensor a (256) must match the size of tensor b (200) at non-singleton dimension 0
2026-03-06 15:38:37,938 - ERROR - Training error for pair HBAR/USDT, batch 76: The size of tensor a (256) must match the size of tensor b (200) at non-singleton dimension 0
2026-03-06 15:38:37,944 - ERROR - Training error for pair HBAR/USDT, batch 77: The size of tensor a (256) must match the size of tensor b (200) at non-singleton dimension 0
2026-03-06 15:38:37,988 - ERROR - Validation error for pair HBAR/USDT: The size of tensor a (256) must match the size of tensor b (200) at non-singleton dimension 0
2026-03-06 15:38:37,994 - ERROR - Validation error for pair HBAR/USDT: The size of tensor a (256) must match the size of tensor b (200) at non-singleton dimension 0
2026-03-06 15:38:37,999 - ERROR - Validation error for pair HBAR/USDT: The size of tensor a (256) must match the size of tensor b (200) at non-singleton dimension 0
2026-03-06 15:38:38,004 - ERROR - Validation error for pair HBAR/USDT: The size of tensor a (256) must match the size of tensor b (200) at non-singleton dimension 0
2026-03-06 15:38:38,010 - ERROR - Validation error for pair HBAR/USDT: The size of tensor a (256) must match the size of tensor b (200) at non-singleton dimension 0
2026-03-06 15:38:38,015 - ERROR - Validation error for pair HBAR/USDT: The size of tensor a (256) must match the size of tensor b (200) at non-singleton dimension 0
2026-03-06 15:38:38,021 - ERROR - Validation error for pair HBAR/USDT: The size of tensor a (256) must match the size of tensor b (200) at non-singleton dimension 0
2026-03-06 15:38:38,026 - ERROR - Validation error for pair HBAR/USDT: The size of tensor a (256) must match the size of tensor b (200) at non-singleton dimension 0
2026-03-06 15:38:38,031 - ERROR - Validation error for pair HBAR/USDT: The size of tensor a (256) must match the size of tensor b (200) at non-singleton dimension 0
2026-03-06 15:38:38,038 - ERROR - Validation error for pair HBAR/USDT: The size of tensor a (256) must match the size of tensor b (200) at non-singleton dimension 0
2026-03-06 15:38:38,044 - ERROR - Validation error for pair HBAR/USDT: The size of tensor a (256) must match the size of tensor b (200) at non-singleton dimension 0
2026-03-06 15:38:38,050 - ERROR - Validation error for pair HBAR/USDT: The size of tensor a (256) must match the size of tensor b (200) at non-singleton dimension 0
2026-03-06 15:38:38,056 - ERROR - Validation error for pair HBAR/USDT: The size of tensor a (256) must match the size of tensor b (200) at non-singleton dimension 0
2026-03-06 15:38:38,062 - ERROR - Validation error for pair HBAR/USDT: The size of tensor a (256) must match the size of tensor b (200) at non-singleton dimension 0
2026-03-06 15:38:38,068 - ERROR - Validation error for pair HBAR/USDT: The size of tensor a (256) must match the size of tensor b (200) at non-singleton dimension 0
2026-03-06 15:38:38,079 - ERROR - Validation error for pair HBAR/USDT: The size of tensor a (256) must match the size of tensor b (200) at non-singleton dimension 0
2026-03-06 15:38:38,093 - ERROR - Validation error for pair HBAR/USDT: The size of tensor a (256) must match the size of tensor b (200) at non-singleton dimension 0
2026-03-06 15:38:38,102 - ERROR - Validation error for pair HBAR/USDT: The size of tensor a (256) must match the size of tensor b (200) at non-singleton dimension 0
2026-03-06 15:38:38,108 - ERROR - Validation error for pair HBAR/USDT: The size of tensor a (256) must match the size of tensor b (200) at non-singleton dimension 0
2026-03-06 15:38:38,215 - INFO - Saved model checkpoint: best_HBAR_USDT_epoch_0
2026-03-06 15:38:38,221 - INFO - .2f
2026-03-06 15:38:38,221 - INFO - Multi-pair training completed
2026-03-06 15:38:38,288 - INFO - Saved model checkpoint: final_XLM_USDT
2026-03-06 15:38:38,362 - INFO - Saved model checkpoint: final_HBAR_USDT
2026-03-06 15:38:38,363 - INFO - GPU arbitrage training completed successfully
2026-03-06 15:38:38,503 - INFO - Training results saved to E:\Users\Gino\Downloads\SovereignForge\models\training_results
2026-03-06 15:38:38,503 - INFO - Training completed in 10.17 seconds
2026-03-06 15:38:43,338 - INFO - GPU safety monitoring stopped
2026-03-06 15:38:43,343 - INFO - GPU Manager shutdown
2026-03-06 15:38:43,353 - INFO - Training results saved to models/training_results_20260306_153843.json
2026-03-06 15:38:43,353 - INFO - Training report generated: reports/gpu_training_report_20260306_153843.md
2026-03-06 15:38:43,353 - INFO - Training completed in 15.02 seconds
2026-03-06 15:38:43,353 - INFO - GPU training cleanup completed
2026-03-06 15:39:21,783 - INFO - Initializing GPU training environment...
2026-03-06 15:39:21,910 - INFO - GPU safety monitoring started
2026-03-06 15:39:21,910 - INFO - GPU Manager initialized on NVIDIA GeForce RTX 4060 Ti
2026-03-06 15:39:21,911 - INFO - GPU safety monitoring started
2026-03-06 15:39:21,912 - INFO - GPU Manager initialized on NVIDIA GeForce RTX 4060 Ti
2026-03-06 15:39:21,912 - INFO - GPU training setup complete on NVIDIA GeForce RTX 4060 Ti
2026-03-06 15:39:21,913 - INFO - GPU training environment initialized successfully
2026-03-06 15:39:21,913 - INFO - ============================================================
2026-03-06 15:39:21,913 - INFO - STARTING SOVEREIGNFORGE GPU TRAINING - WAVE 7
2026-03-06 15:39:21,913 - INFO - ============================================================
2026-03-06 15:39:21,913 - INFO - 
GPU Training Configuration:
- Pairs: ['XLM/USDT', 'HBAR/USDT']
- Epochs: 1
- Batch Size: 200
- GPU Device: 0
- Memory Fraction: 0.8
- Learning Rate: 0.0001
- Gradient Clip: 1.0
- TensorBoard: False
- Weights & Biases: False
- GPU Monitoring: True
- Mixed Precision: False
        
2026-03-06 15:39:21,913 - INFO - GPU monitoring active via safety manager
2026-03-06 15:39:21,914 - INFO - GPU training environment initialized successfully
2026-03-06 15:39:21,914 - INFO - Starting GPU-accelerated arbitrage training
2026-03-06 15:39:21,914 - INFO - Pairs: ['XLM/USDT', 'HBAR/USDT']
2026-03-06 15:39:21,914 - INFO - Exchanges: ['binance', 'coinbase', 'kraken']
2026-03-06 15:39:21,914 - INFO - Epochs: 1, Batch size: 200
2026-03-06 15:39:21,914 - INFO - GPU Memory - Allocated: 0.0MB, Free: 15223.0MB
2026-03-06 15:39:21,914 - INFO - Training monitoring enabled (basic)
2026-03-06 15:39:21,914 - INFO - GPU training setup complete on NVIDIA GeForce RTX 4060 Ti
2026-03-06 15:39:29,483 - INFO - Starting GPU training for 2 pairs with 1 epochs
2026-03-06 15:39:29,483 - INFO - Starting multi-pair training for 2 pairs on GPU
2026-03-06 15:39:29,501 - INFO - Epoch 1/1
2026-03-06 15:39:30,320 - INFO - Pair XLM/USDT - Batch 0/100 - Loss: 0.8081
2026-03-06 15:39:32,064 - INFO - Pair XLM/USDT - Batch 10/100 - Loss: 0.6915
2026-03-06 15:39:34,019 - INFO - Pair XLM/USDT - Batch 20/100 - Loss: 0.6466
2026-03-06 15:39:35,975 - INFO - Pair XLM/USDT - Batch 30/100 - Loss: 0.6660
2026-03-06 15:39:37,886 - INFO - Pair XLM/USDT - Batch 40/100 - Loss: 0.6660
2026-03-06 15:39:39,875 - INFO - Pair XLM/USDT - Batch 50/100 - Loss: 0.6594
2026-03-06 15:39:41,787 - INFO - Pair XLM/USDT - Batch 60/100 - Loss: 0.6872
2026-03-06 15:39:43,684 - INFO - Pair XLM/USDT - Batch 70/100 - Loss: 0.6138
2026-03-06 15:39:45,583 - INFO - Pair XLM/USDT - Batch 80/100 - Loss: 0.6757
2026-03-06 15:39:47,489 - INFO - Pair XLM/USDT - Batch 90/100 - Loss: 0.6805
2026-03-06 15:39:51,116 - INFO - Saved model checkpoint: best_XLM_USDT_epoch_0
2026-03-06 15:39:51,329 - INFO - Pair HBAR/USDT - Batch 0/100 - Loss: 0.7718
2026-03-06 15:39:53,253 - INFO - Pair HBAR/USDT - Batch 10/100 - Loss: 0.7862
2026-03-06 15:39:55,223 - INFO - Pair HBAR/USDT - Batch 20/100 - Loss: 0.6705
2026-03-06 15:39:57,266 - INFO - Pair HBAR/USDT - Batch 30/100 - Loss: 0.6866
2026-03-06 15:39:59,253 - INFO - Pair HBAR/USDT - Batch 40/100 - Loss: 0.7094
2026-03-06 15:40:01,300 - INFO - Pair HBAR/USDT - Batch 50/100 - Loss: 0.6443
2026-03-06 15:40:03,306 - INFO - Pair HBAR/USDT - Batch 60/100 - Loss: 0.6243
2026-03-06 15:40:05,299 - INFO - Pair HBAR/USDT - Batch 70/100 - Loss: 0.6663
2026-03-06 15:40:07,250 - INFO - Pair HBAR/USDT - Batch 80/100 - Loss: 0.6611
2026-03-06 15:40:09,195 - INFO - Pair HBAR/USDT - Batch 90/100 - Loss: 0.6829
2026-03-06 15:40:12,696 - INFO - Saved model checkpoint: best_HBAR_USDT_epoch_0
2026-03-06 15:40:12,723 - INFO - .2f
2026-03-06 15:40:12,723 - INFO - Multi-pair training completed
2026-03-06 15:40:12,777 - INFO - Saved model checkpoint: final_XLM_USDT
2026-03-06 15:40:12,834 - INFO - Saved model checkpoint: final_HBAR_USDT
2026-03-06 15:40:12,834 - INFO - GPU arbitrage training completed successfully
2026-03-06 15:40:12,957 - INFO - Training results saved to E:\Users\Gino\Downloads\SovereignForge\models\training_results
2026-03-06 15:40:12,957 - INFO - Training completed in 51.04 seconds
2026-03-06 15:40:16,930 - INFO - GPU safety monitoring stopped
2026-03-06 15:40:16,936 - INFO - GPU Manager shutdown
2026-03-06 15:40:16,947 - INFO - Training results saved to models/training_results_20260306_154016.json
2026-03-06 15:40:16,947 - INFO - Training report generated: reports/gpu_training_report_20260306_154016.md
2026-03-06 15:40:16,947 - INFO - Training completed in 55.03 seconds
2026-03-06 15:40:16,947 - INFO - GPU training cleanup completed
