2026-03-07 18:06:05,447 - ALERT - INFO - TrainingMonitor initialized
2026-03-07 18:06:05,598 - ALERT - INFO - {"epoch": 1, "step": 10, "loss": 2.25, "learning_rate": 0.001, "cpu_percent": 21.7, "ram_used_gb": 15.482425689697266, "ram_total_gb": 31.869609832763672, "gpu_utilization": 37.0, "gpu_memory_used": 1474.0, "gpu_memory_total": 16380.0, "pair": "BTC/USDT", "status": "training", "accuracy": 0.56}
2026-03-07 18:06:05,756 - ALERT - INFO - {"epoch": 1, "step": 10, "loss": 2.45, "learning_rate": 0.001, "cpu_percent": 44.0, "ram_used_gb": 15.645408630371094, "ram_total_gb": 31.869609832763672, "gpu_utilization": 38.0, "gpu_memory_used": 1474.0, "gpu_memory_total": 16380.0, "pair": "ETH/USDT", "status": "training", "accuracy": 0.6000000000000001}
2026-03-07 18:06:05,933 - ALERT - INFO - {"epoch": 1, "step": 10, "loss": 2.6500000000000004, "learning_rate": 0.001, "cpu_percent": 54.8, "ram_used_gb": 15.566879272460938, "ram_total_gb": 31.869609832763672, "gpu_utilization": 38.0, "gpu_memory_used": 1474.0, "gpu_memory_total": 16380.0, "pair": "XRP/USDT", "status": "training", "accuracy": 0.64}
2026-03-07 18:06:08,088 - ALERT - INFO - {"epoch": 2, "step": 20, "loss": 2.1, "learning_rate": 0.001, "cpu_percent": 4.7, "ram_used_gb": 15.563728332519531, "ram_total_gb": 31.869609832763672, "gpu_utilization": 44.0, "gpu_memory_used": 1466.0, "gpu_memory_total": 16380.0, "pair": "BTC/USDT", "status": "training", "accuracy": 0.64}
2026-03-07 18:06:08,231 - ALERT - INFO - {"epoch": 2, "step": 20, "loss": 2.3, "learning_rate": 0.001, "cpu_percent": 9.0, "ram_used_gb": 15.568767547607422, "ram_total_gb": 31.869609832763672, "gpu_utilization": 44.0, "gpu_memory_used": 1466.0, "gpu_memory_total": 16380.0, "pair": "ETH/USDT", "status": "training", "accuracy": 0.68}
2026-03-07 18:06:08,389 - ALERT - INFO - {"epoch": 2, "step": 20, "loss": 2.5, "learning_rate": 0.001, "cpu_percent": 4.9, "ram_used_gb": 15.568763732910156, "ram_total_gb": 31.869609832763672, "gpu_utilization": 45.0, "gpu_memory_used": 1466.0, "gpu_memory_total": 16380.0, "pair": "XRP/USDT", "status": "training", "accuracy": 0.7200000000000001}
2026-03-07 18:06:10,539 - ALERT - INFO - {"epoch": 3, "step": 30, "loss": 1.9500000000000002, "learning_rate": 0.001, "cpu_percent": 20.0, "ram_used_gb": 15.819698333740234, "ram_total_gb": 31.869609832763672, "gpu_utilization": 13.0, "gpu_memory_used": 1513.0, "gpu_memory_total": 16380.0, "pair": "BTC/USDT", "status": "training", "accuracy": 0.72}
2026-03-07 18:06:10,697 - ALERT - INFO - {"epoch": 3, "step": 30, "loss": 2.1500000000000004, "learning_rate": 0.001, "cpu_percent": 27.8, "ram_used_gb": 15.826534271240234, "ram_total_gb": 31.869609832763672, "gpu_utilization": 13.0, "gpu_memory_used": 1513.0, "gpu_memory_total": 16380.0, "pair": "ETH/USDT", "status": "training", "accuracy": 0.76}
2026-03-07 18:06:10,854 - ALERT - INFO - {"epoch": 3, "step": 30, "loss": 2.35, "learning_rate": 0.001, "cpu_percent": 16.2, "ram_used_gb": 15.804828643798828, "ram_total_gb": 31.869609832763672, "gpu_utilization": 6.0, "gpu_memory_used": 1501.0, "gpu_memory_total": 16380.0, "pair": "XRP/USDT", "status": "training", "accuracy": 0.8}
2026-03-07 18:06:13,000 - ALERT - INFO - {"epoch": 4, "step": 40, "loss": 1.7999999999999998, "learning_rate": 0.001, "cpu_percent": 11.0, "ram_used_gb": 15.805519104003906, "ram_total_gb": 31.869609832763672, "gpu_utilization": 10.0, "gpu_memory_used": 1499.0, "gpu_memory_total": 16380.0, "pair": "BTC/USDT", "status": "training", "accuracy": 0.7999999999999999}
2026-03-07 18:06:13,161 - ALERT - INFO - {"epoch": 4, "step": 40, "loss": 2.0, "learning_rate": 0.001, "cpu_percent": 28.6, "ram_used_gb": 15.849105834960938, "ram_total_gb": 31.869609832763672, "gpu_utilization": 10.0, "gpu_memory_used": 1499.0, "gpu_memory_total": 16380.0, "pair": "ETH/USDT", "status": "training", "accuracy": 0.84}
2026-03-07 18:06:13,328 - ALERT - INFO - {"epoch": 4, "step": 40, "loss": 2.2, "learning_rate": 0.001, "cpu_percent": 88.0, "ram_used_gb": 15.940177917480469, "ram_total_gb": 31.869609832763672, "gpu_utilization": 22.0, "gpu_memory_used": 1504.0, "gpu_memory_total": 16380.0, "pair": "XRP/USDT", "status": "training", "accuracy": 0.88}
2026-03-07 18:06:15,489 - ALERT - INFO - {"epoch": 5, "step": 50, "loss": 1.65, "learning_rate": 0.001, "cpu_percent": 6.8, "ram_used_gb": 15.90860366821289, "ram_total_gb": 31.869609832763672, "gpu_utilization": 15.0, "gpu_memory_used": 1489.0, "gpu_memory_total": 16380.0, "pair": "BTC/USDT", "status": "training", "accuracy": 0.88}
2026-03-07 18:06:15,645 - ALERT - INFO - {"epoch": 5, "step": 50, "loss": 1.85, "learning_rate": 0.001, "cpu_percent": 9.5, "ram_used_gb": 15.906547546386719, "ram_total_gb": 31.869609832763672, "gpu_utilization": 15.0, "gpu_memory_used": 1495.0, "gpu_memory_total": 16380.0, "pair": "ETH/USDT", "status": "training", "accuracy": 0.92}
2026-03-07 18:06:15,798 - ALERT - INFO - {"epoch": 5, "step": 50, "loss": 2.05, "learning_rate": 0.001, "cpu_percent": 11.1, "ram_used_gb": 15.910850524902344, "ram_total_gb": 31.869609832763672, "gpu_utilization": 21.0, "gpu_memory_used": 1495.0, "gpu_memory_total": 16380.0, "pair": "XRP/USDT", "status": "training", "accuracy": 0.95}
2026-03-07 18:06:17,945 - ALERT - INFO - {"epoch": 10, "step": 100, "loss": 0.15, "learning_rate": 0.001, "cpu_percent": 21.3, "ram_used_gb": 15.92498779296875, "ram_total_gb": 31.869609832763672, "gpu_utilization": 27.0, "gpu_memory_used": 1491.0, "gpu_memory_total": 16380.0, "pair": "BTC/USDT", "status": "completed", "accuracy": 0.85}
2026-03-07 18:06:18,101 - ALERT - INFO - {"epoch": 10, "step": 100, "loss": 0.15, "learning_rate": 0.001, "cpu_percent": 15.1, "ram_used_gb": 15.928020477294922, "ram_total_gb": 31.869609832763672, "gpu_utilization": 27.0, "gpu_memory_used": 1491.0, "gpu_memory_total": 16380.0, "pair": "ETH/USDT", "status": "completed", "accuracy": 0.85}
2026-03-07 18:06:18,257 - ALERT - INFO - {"epoch": 10, "step": 100, "loss": 0.15, "learning_rate": 0.001, "cpu_percent": 16.2, "ram_used_gb": 15.927997589111328, "ram_total_gb": 31.869609832763672, "gpu_utilization": 28.000000000000004, "gpu_memory_used": 1491.0, "gpu_memory_total": 16380.0, "pair": "XRP/USDT", "status": "completed", "accuracy": 0.85}
2026-03-09 18:37:32,484 - ALERT - INFO - TrainingMonitor initialized
2026-03-09 18:37:32,644 - ALERT - INFO - {"epoch": 1, "step": 10, "loss": 2.45, "learning_rate": 0.001, "cpu_percent": 31.0, "ram_used_gb": 16.911880493164062, "ram_total_gb": 31.869609832763672, "gpu_utilization": 31.0, "gpu_memory_used": 2147.0, "gpu_memory_total": 16380.0, "pair": "BTC/USDT", "status": "training", "accuracy": 0.6000000000000001}
2026-03-09 18:37:32,800 - ALERT - INFO - {"epoch": 1, "step": 10, "loss": 2.1500000000000004, "learning_rate": 0.001, "cpu_percent": 42.2, "ram_used_gb": 16.987442016601562, "ram_total_gb": 31.869609832763672, "gpu_utilization": 32.0, "gpu_memory_used": 2147.0, "gpu_memory_total": 16380.0, "pair": "ETH/USDT", "status": "training", "accuracy": 0.54}
2026-03-09 18:37:32,966 - ALERT - INFO - {"epoch": 1, "step": 10, "loss": 2.5500000000000003, "learning_rate": 0.001, "cpu_percent": 46.8, "ram_used_gb": 17.08380889892578, "ram_total_gb": 31.869609832763672, "gpu_utilization": 32.0, "gpu_memory_used": 2147.0, "gpu_memory_total": 16380.0, "pair": "XRP/USDT", "status": "training", "accuracy": 0.6200000000000001}
2026-03-09 18:37:35,205 - ALERT - INFO - {"epoch": 2, "step": 20, "loss": 2.3, "learning_rate": 0.001, "cpu_percent": 100.0, "ram_used_gb": 17.182327270507812, "ram_total_gb": 31.869609832763672, "gpu_utilization": 37.0, "gpu_memory_used": 2139.0, "gpu_memory_total": 16380.0, "pair": "BTC/USDT", "status": "training", "accuracy": 0.68}
2026-03-09 18:37:35,206 - ALERT - WARNING - high_cpu: CPU usage high: 100.0%
2026-03-09 18:37:35,407 - ALERT - INFO - {"epoch": 2, "step": 20, "loss": 2.0, "learning_rate": 0.001, "cpu_percent": 100.0, "ram_used_gb": 17.251811981201172, "ram_total_gb": 31.869609832763672, "gpu_utilization": 40.0, "gpu_memory_used": 2166.0, "gpu_memory_total": 16380.0, "pair": "ETH/USDT", "status": "training", "accuracy": 0.6200000000000001}
2026-03-09 18:37:35,408 - ALERT - WARNING - high_cpu: CPU usage high: 100.0%
2026-03-09 18:37:35,641 - ALERT - INFO - {"epoch": 2, "step": 20, "loss": 2.4, "learning_rate": 0.001, "cpu_percent": 100.0, "ram_used_gb": 17.30923843383789, "ram_total_gb": 31.869609832763672, "gpu_utilization": 40.0, "gpu_memory_used": 2166.0, "gpu_memory_total": 16380.0, "pair": "XRP/USDT", "status": "training", "accuracy": 0.7000000000000001}
2026-03-09 18:37:35,641 - ALERT - WARNING - high_cpu: CPU usage high: 100.0%
2026-03-09 18:37:38,180 - ALERT - INFO - {"epoch": 3, "step": 30, "loss": 2.1500000000000004, "learning_rate": 0.001, "cpu_percent": 100.0, "ram_used_gb": 17.39162826538086, "ram_total_gb": 31.869609832763672, "gpu_utilization": 9.0, "gpu_memory_used": 2173.0, "gpu_memory_total": 16380.0, "pair": "BTC/USDT", "status": "training", "accuracy": 0.76}
2026-03-09 18:37:38,180 - ALERT - WARNING - high_cpu: CPU usage high: 100.0%
2026-03-09 18:37:38,480 - ALERT - INFO - {"epoch": 3, "step": 30, "loss": 1.85, "learning_rate": 0.001, "cpu_percent": 100.0, "ram_used_gb": 17.54904556274414, "ram_total_gb": 31.869609832763672, "gpu_utilization": 14.000000000000002, "gpu_memory_used": 2165.0, "gpu_memory_total": 16380.0, "pair": "ETH/USDT", "status": "training", "accuracy": 0.7}
2026-03-09 18:37:38,482 - ALERT - WARNING - high_cpu: CPU usage high: 100.0%
2026-03-09 18:37:38,642 - ALERT - INFO - {"epoch": 3, "step": 30, "loss": 2.25, "learning_rate": 0.001, "cpu_percent": 96.6, "ram_used_gb": 17.319629669189453, "ram_total_gb": 31.869609832763672, "gpu_utilization": 14.000000000000002, "gpu_memory_used": 2165.0, "gpu_memory_total": 16380.0, "pair": "XRP/USDT", "status": "training", "accuracy": 0.78}
2026-03-09 18:37:38,642 - ALERT - WARNING - high_cpu: CPU usage high: 96.6%
2026-03-09 18:37:40,791 - ALERT - INFO - {"epoch": 4, "step": 40, "loss": 2.0, "learning_rate": 0.001, "cpu_percent": 36.9, "ram_used_gb": 17.01406478881836, "ram_total_gb": 31.869609832763672, "gpu_utilization": 12.0, "gpu_memory_used": 2162.0, "gpu_memory_total": 16380.0, "pair": "BTC/USDT", "status": "training", "accuracy": 0.84}
2026-03-09 18:37:40,942 - ALERT - INFO - {"epoch": 4, "step": 40, "loss": 1.7, "learning_rate": 0.001, "cpu_percent": 25.0, "ram_used_gb": 17.05472183227539, "ram_total_gb": 31.869609832763672, "gpu_utilization": 12.0, "gpu_memory_used": 2162.0, "gpu_memory_total": 16380.0, "pair": "ETH/USDT", "status": "training", "accuracy": 0.78}
2026-03-09 18:37:41,099 - ALERT - INFO - {"epoch": 4, "step": 40, "loss": 2.1, "learning_rate": 0.001, "cpu_percent": 25.0, "ram_used_gb": 17.215736389160156, "ram_total_gb": 31.869609832763672, "gpu_utilization": 12.0, "gpu_memory_used": 2162.0, "gpu_memory_total": 16380.0, "pair": "XRP/USDT", "status": "training", "accuracy": 0.86}
2026-03-09 18:37:43,252 - ALERT - INFO - {"epoch": 5, "step": 50, "loss": 1.85, "learning_rate": 0.001, "cpu_percent": 41.7, "ram_used_gb": 17.331790924072266, "ram_total_gb": 31.869609832763672, "gpu_utilization": 1.0, "gpu_memory_used": 2332.0, "gpu_memory_total": 16380.0, "pair": "BTC/USDT", "status": "training", "accuracy": 0.92}
2026-03-09 18:37:43,400 - ALERT - INFO - {"epoch": 5, "step": 50, "loss": 1.55, "learning_rate": 0.001, "cpu_percent": 36.9, "ram_used_gb": 17.362178802490234, "ram_total_gb": 31.869609832763672, "gpu_utilization": 1.0, "gpu_memory_used": 2333.0, "gpu_memory_total": 16380.0, "pair": "ETH/USDT", "status": "training", "accuracy": 0.8600000000000001}
2026-03-09 18:37:43,556 - ALERT - INFO - {"epoch": 5, "step": 50, "loss": 1.9500000000000002, "learning_rate": 0.001, "cpu_percent": 34.7, "ram_used_gb": 17.370452880859375, "ram_total_gb": 31.869609832763672, "gpu_utilization": 1.0, "gpu_memory_used": 2333.0, "gpu_memory_total": 16380.0, "pair": "XRP/USDT", "status": "training", "accuracy": 0.9400000000000001}
2026-03-09 18:37:45,725 - ALERT - INFO - {"epoch": 10, "step": 100, "loss": 0.15, "learning_rate": 0.001, "cpu_percent": 52.8, "ram_used_gb": 17.522113800048828, "ram_total_gb": 31.869609832763672, "gpu_utilization": 1.0, "gpu_memory_used": 2340.0, "gpu_memory_total": 16380.0, "pair": "BTC/USDT", "status": "completed", "accuracy": 0.85}
2026-03-09 18:37:45,874 - ALERT - INFO - {"epoch": 10, "step": 100, "loss": 0.15, "learning_rate": 0.001, "cpu_percent": 43.8, "ram_used_gb": 17.424663543701172, "ram_total_gb": 31.869609832763672, "gpu_utilization": 1.0, "gpu_memory_used": 2170.0, "gpu_memory_total": 16380.0, "pair": "ETH/USDT", "status": "completed", "accuracy": 0.85}
2026-03-09 18:37:46,023 - ALERT - INFO - {"epoch": 10, "step": 100, "loss": 0.15, "learning_rate": 0.001, "cpu_percent": 40.5, "ram_used_gb": 16.694599151611328, "ram_total_gb": 31.869609832763672, "gpu_utilization": 1.0, "gpu_memory_used": 2170.0, "gpu_memory_total": 16380.0, "pair": "XRP/USDT", "status": "completed", "accuracy": 0.85}
2026-03-09 19:52:33,493 - ALERT - INFO - TrainingMonitor initialized
2026-03-09 19:52:33,701 - ALERT - INFO - {"epoch": 1, "step": 10, "loss": 1.85, "learning_rate": 0.001, "cpu_percent": 100.0, "ram_used_gb": 16.765762329101562, "ram_total_gb": 31.869609832763672, "gpu_utilization": 37.0, "gpu_memory_used": 2160.0, "gpu_memory_total": 16380.0, "pair": "BTC/USDT", "status": "training", "accuracy": 0.48000000000000004}
2026-03-09 19:52:33,702 - ALERT - WARNING - high_cpu: CPU usage high: 100.0%
2026-03-09 19:52:33,883 - ALERT - INFO - {"epoch": 1, "step": 10, "loss": 2.75, "learning_rate": 0.001, "cpu_percent": 100.0, "ram_used_gb": 16.767322540283203, "ram_total_gb": 31.869609832763672, "gpu_utilization": 37.0, "gpu_memory_used": 2160.0, "gpu_memory_total": 16380.0, "pair": "ETH/USDT", "status": "training", "accuracy": 0.66}
2026-03-09 19:52:33,883 - ALERT - WARNING - high_cpu: CPU usage high: 100.0%
2026-03-09 19:52:34,086 - ALERT - INFO - {"epoch": 1, "step": 10, "loss": 2.35, "learning_rate": 0.001, "cpu_percent": 100.0, "ram_used_gb": 16.781654357910156, "ram_total_gb": 31.869609832763672, "gpu_utilization": 37.0, "gpu_memory_used": 2160.0, "gpu_memory_total": 16380.0, "pair": "XRP/USDT", "status": "training", "accuracy": 0.5800000000000001}
2026-03-09 19:52:34,086 - ALERT - WARNING - high_cpu: CPU usage high: 100.0%
2026-03-09 19:52:36,285 - ALERT - INFO - {"epoch": 2, "step": 20, "loss": 1.7, "learning_rate": 0.001, "cpu_percent": 100.0, "ram_used_gb": 16.641956329345703, "ram_total_gb": 31.869609832763672, "gpu_utilization": 36.0, "gpu_memory_used": 2160.0, "gpu_memory_total": 16380.0, "pair": "BTC/USDT", "status": "training", "accuracy": 0.56}
2026-03-09 19:52:36,285 - ALERT - WARNING - high_cpu: CPU usage high: 100.0%
2026-03-09 19:52:36,480 - ALERT - INFO - {"epoch": 2, "step": 20, "loss": 2.6, "learning_rate": 0.001, "cpu_percent": 100.0, "ram_used_gb": 16.649932861328125, "ram_total_gb": 31.869609832763672, "gpu_utilization": 36.0, "gpu_memory_used": 2160.0, "gpu_memory_total": 16380.0, "pair": "ETH/USDT", "status": "training", "accuracy": 0.74}
2026-03-09 19:52:36,480 - ALERT - WARNING - high_cpu: CPU usage high: 100.0%
2026-03-09 19:52:36,665 - ALERT - INFO - {"epoch": 2, "step": 20, "loss": 2.2, "learning_rate": 0.001, "cpu_percent": 100.0, "ram_used_gb": 16.64128875732422, "ram_total_gb": 31.869609832763672, "gpu_utilization": 39.0, "gpu_memory_used": 2160.0, "gpu_memory_total": 16380.0, "pair": "XRP/USDT", "status": "training", "accuracy": 0.66}
2026-03-09 19:52:36,666 - ALERT - WARNING - high_cpu: CPU usage high: 100.0%
2026-03-09 19:52:38,881 - ALERT - INFO - {"epoch": 3, "step": 30, "loss": 1.55, "learning_rate": 0.001, "cpu_percent": 100.0, "ram_used_gb": 16.62781524658203, "ram_total_gb": 31.869609832763672, "gpu_utilization": 41.0, "gpu_memory_used": 2160.0, "gpu_memory_total": 16380.0, "pair": "BTC/USDT", "status": "training", "accuracy": 0.64}
2026-03-09 19:52:38,881 - ALERT - WARNING - high_cpu: CPU usage high: 100.0%
2026-03-09 19:52:39,079 - ALERT - INFO - {"epoch": 3, "step": 30, "loss": 2.45, "learning_rate": 0.001, "cpu_percent": 100.0, "ram_used_gb": 16.64014434814453, "ram_total_gb": 31.869609832763672, "gpu_utilization": 41.0, "gpu_memory_used": 2160.0, "gpu_memory_total": 16380.0, "pair": "ETH/USDT", "status": "training", "accuracy": 0.8200000000000001}
2026-03-09 19:52:39,079 - ALERT - WARNING - high_cpu: CPU usage high: 100.0%
2026-03-09 19:52:39,258 - ALERT - INFO - {"epoch": 3, "step": 30, "loss": 2.05, "learning_rate": 0.001, "cpu_percent": 100.0, "ram_used_gb": 16.635860443115234, "ram_total_gb": 31.869609832763672, "gpu_utilization": 41.0, "gpu_memory_used": 2160.0, "gpu_memory_total": 16380.0, "pair": "XRP/USDT", "status": "training", "accuracy": 0.74}
2026-03-09 19:52:39,258 - ALERT - WARNING - high_cpu: CPU usage high: 100.0%
2026-03-09 19:52:41,447 - ALERT - INFO - {"epoch": 4, "step": 40, "loss": 1.4, "learning_rate": 0.001, "cpu_percent": 100.0, "ram_used_gb": 16.65505599975586, "ram_total_gb": 31.869609832763672, "gpu_utilization": 40.0, "gpu_memory_used": 2160.0, "gpu_memory_total": 16380.0, "pair": "BTC/USDT", "status": "training", "accuracy": 0.72}
2026-03-09 19:52:41,447 - ALERT - WARNING - high_cpu: CPU usage high: 100.0%
2026-03-09 19:52:41,618 - ALERT - INFO - {"epoch": 4, "step": 40, "loss": 2.3, "learning_rate": 0.001, "cpu_percent": 100.0, "ram_used_gb": 16.65927505493164, "ram_total_gb": 31.869609832763672, "gpu_utilization": 39.0, "gpu_memory_used": 2160.0, "gpu_memory_total": 16380.0, "pair": "ETH/USDT", "status": "training", "accuracy": 0.8999999999999999}
2026-03-09 19:52:41,618 - ALERT - WARNING - high_cpu: CPU usage high: 100.0%
2026-03-09 19:52:41,788 - ALERT - INFO - {"epoch": 4, "step": 40, "loss": 1.9, "learning_rate": 0.001, "cpu_percent": 100.0, "ram_used_gb": 16.66289520263672, "ram_total_gb": 31.869609832763672, "gpu_utilization": 39.0, "gpu_memory_used": 2160.0, "gpu_memory_total": 16380.0, "pair": "XRP/USDT", "status": "training", "accuracy": 0.82}
2026-03-09 19:52:41,788 - ALERT - WARNING - high_cpu: CPU usage high: 100.0%
2026-03-09 19:52:44,025 - ALERT - INFO - {"epoch": 5, "step": 50, "loss": 1.25, "learning_rate": 0.001, "cpu_percent": 100.0, "ram_used_gb": 16.66069793701172, "ram_total_gb": 31.869609832763672, "gpu_utilization": 39.0, "gpu_memory_used": 2160.0, "gpu_memory_total": 16380.0, "pair": "BTC/USDT", "status": "training", "accuracy": 0.8}
2026-03-09 19:52:44,025 - ALERT - WARNING - high_cpu: CPU usage high: 100.0%
2026-03-09 19:52:44,202 - ALERT - INFO - {"epoch": 5, "step": 50, "loss": 2.15, "learning_rate": 0.001, "cpu_percent": 100.0, "ram_used_gb": 16.66647720336914, "ram_total_gb": 31.869609832763672, "gpu_utilization": 36.0, "gpu_memory_used": 2160.0, "gpu_memory_total": 16380.0, "pair": "ETH/USDT", "status": "training", "accuracy": 0.95}
2026-03-09 19:52:44,202 - ALERT - WARNING - high_cpu: CPU usage high: 100.0%
2026-03-09 19:52:44,385 - ALERT - INFO - {"epoch": 5, "step": 50, "loss": 1.75, "learning_rate": 0.001, "cpu_percent": 100.0, "ram_used_gb": 16.68230438232422, "ram_total_gb": 31.869609832763672, "gpu_utilization": 36.0, "gpu_memory_used": 2160.0, "gpu_memory_total": 16380.0, "pair": "XRP/USDT", "status": "training", "accuracy": 0.9}
2026-03-09 19:52:44,385 - ALERT - WARNING - high_cpu: CPU usage high: 100.0%
2026-03-09 19:52:46,563 - ALERT - INFO - {"epoch": 10, "step": 100, "loss": 0.15, "learning_rate": 0.001, "cpu_percent": 100.0, "ram_used_gb": 16.637325286865234, "ram_total_gb": 31.869609832763672, "gpu_utilization": 39.0, "gpu_memory_used": 2160.0, "gpu_memory_total": 16380.0, "pair": "BTC/USDT", "status": "completed", "accuracy": 0.85}
2026-03-09 19:52:46,564 - ALERT - WARNING - high_cpu: CPU usage high: 100.0%
2026-03-09 19:52:46,735 - ALERT - INFO - {"epoch": 10, "step": 100, "loss": 0.15, "learning_rate": 0.001, "cpu_percent": 100.0, "ram_used_gb": 16.643798828125, "ram_total_gb": 31.869609832763672, "gpu_utilization": 38.0, "gpu_memory_used": 2160.0, "gpu_memory_total": 16380.0, "pair": "ETH/USDT", "status": "completed", "accuracy": 0.85}
2026-03-09 19:52:46,735 - ALERT - WARNING - high_cpu: CPU usage high: 100.0%
2026-03-09 19:52:46,907 - ALERT - INFO - {"epoch": 10, "step": 100, "loss": 0.15, "learning_rate": 0.001, "cpu_percent": 100.0, "ram_used_gb": 16.643035888671875, "ram_total_gb": 31.869609832763672, "gpu_utilization": 38.0, "gpu_memory_used": 2160.0, "gpu_memory_total": 16380.0, "pair": "XRP/USDT", "status": "completed", "accuracy": 0.85}
2026-03-09 19:52:46,908 - ALERT - WARNING - high_cpu: CPU usage high: 100.0%
2026-03-10 11:57:40,795 - ALERT - INFO - TrainingMonitor initialized
2026-03-10 11:57:40,947 - ALERT - INFO - {"epoch": 1, "step": 10, "loss": 1.85, "learning_rate": 0.001, "cpu_percent": 10.8, "ram_used_gb": 14.980812072753906, "ram_total_gb": 31.869606018066406, "gpu_utilization": 0.0, "gpu_memory_used": 1933.0, "gpu_memory_total": 16380.0, "pair": "BTC/USDT", "status": "training", "accuracy": 0.48000000000000004}
2026-03-10 11:57:41,089 - ALERT - INFO - {"epoch": 1, "step": 10, "loss": 1.9500000000000002, "learning_rate": 0.001, "cpu_percent": 11.2, "ram_used_gb": 15.036613464355469, "ram_total_gb": 31.869606018066406, "gpu_utilization": 0.0, "gpu_memory_used": 1933.0, "gpu_memory_total": 16380.0, "pair": "ETH/USDT", "status": "training", "accuracy": 0.5}
2026-03-10 11:57:41,231 - ALERT - INFO - {"epoch": 1, "step": 10, "loss": 2.6500000000000004, "learning_rate": 0.001, "cpu_percent": 11.1, "ram_used_gb": 15.201374053955078, "ram_total_gb": 31.869606018066406, "gpu_utilization": 0.0, "gpu_memory_used": 1933.0, "gpu_memory_total": 16380.0, "pair": "XRP/USDT", "status": "training", "accuracy": 0.64}
2026-03-10 11:57:43,371 - ALERT - INFO - {"epoch": 2, "step": 20, "loss": 1.7, "learning_rate": 0.001, "cpu_percent": 0.0, "ram_used_gb": 15.45859146118164, "ram_total_gb": 31.869606018066406, "gpu_utilization": 0.0, "gpu_memory_used": 1929.0, "gpu_memory_total": 16380.0, "pair": "BTC/USDT", "status": "training", "accuracy": 0.56}
2026-03-10 11:57:43,508 - ALERT - INFO - {"epoch": 2, "step": 20, "loss": 1.8, "learning_rate": 0.001, "cpu_percent": 0.0, "ram_used_gb": 15.451713562011719, "ram_total_gb": 31.869606018066406, "gpu_utilization": 0.0, "gpu_memory_used": 1929.0, "gpu_memory_total": 16380.0, "pair": "ETH/USDT", "status": "training", "accuracy": 0.5800000000000001}
2026-03-10 11:57:43,650 - ALERT - INFO - {"epoch": 2, "step": 20, "loss": 2.5, "learning_rate": 0.001, "cpu_percent": 0.0, "ram_used_gb": 15.438003540039062, "ram_total_gb": 31.869606018066406, "gpu_utilization": 0.0, "gpu_memory_used": 1929.0, "gpu_memory_total": 16380.0, "pair": "XRP/USDT", "status": "training", "accuracy": 0.7200000000000001}
2026-03-10 11:57:45,801 - ALERT - INFO - {"epoch": 3, "step": 30, "loss": 1.55, "learning_rate": 0.001, "cpu_percent": 2.4, "ram_used_gb": 15.453544616699219, "ram_total_gb": 31.869606018066406, "gpu_utilization": 0.0, "gpu_memory_used": 1928.0, "gpu_memory_total": 16380.0, "pair": "BTC/USDT", "status": "training", "accuracy": 0.64}
2026-03-10 11:57:45,940 - ALERT - INFO - {"epoch": 3, "step": 30, "loss": 1.6500000000000001, "learning_rate": 0.001, "cpu_percent": 10.8, "ram_used_gb": 15.440345764160156, "ram_total_gb": 31.869606018066406, "gpu_utilization": 0.0, "gpu_memory_used": 1928.0, "gpu_memory_total": 16380.0, "pair": "ETH/USDT", "status": "training", "accuracy": 0.66}
2026-03-10 11:57:46,079 - ALERT - INFO - {"epoch": 3, "step": 30, "loss": 2.35, "learning_rate": 0.001, "cpu_percent": 15.5, "ram_used_gb": 15.44097900390625, "ram_total_gb": 31.869606018066406, "gpu_utilization": 0.0, "gpu_memory_used": 1927.0, "gpu_memory_total": 16380.0, "pair": "XRP/USDT", "status": "training", "accuracy": 0.8}
2026-03-10 11:57:48,223 - ALERT - INFO - {"epoch": 4, "step": 40, "loss": 1.4, "learning_rate": 0.001, "cpu_percent": 0.0, "ram_used_gb": 15.444957733154297, "ram_total_gb": 31.869606018066406, "gpu_utilization": 0.0, "gpu_memory_used": 1927.0, "gpu_memory_total": 16380.0, "pair": "BTC/USDT", "status": "training", "accuracy": 0.72}
2026-03-10 11:57:48,363 - ALERT - INFO - {"epoch": 4, "step": 40, "loss": 1.5, "learning_rate": 0.001, "cpu_percent": 0.0, "ram_used_gb": 15.446357727050781, "ram_total_gb": 31.869606018066406, "gpu_utilization": 0.0, "gpu_memory_used": 1927.0, "gpu_memory_total": 16380.0, "pair": "ETH/USDT", "status": "training", "accuracy": 0.74}
2026-03-10 11:57:48,503 - ALERT - INFO - {"epoch": 4, "step": 40, "loss": 2.2, "learning_rate": 0.001, "cpu_percent": 0.0, "ram_used_gb": 15.438655853271484, "ram_total_gb": 31.869606018066406, "gpu_utilization": 0.0, "gpu_memory_used": 1927.0, "gpu_memory_total": 16380.0, "pair": "XRP/USDT", "status": "training", "accuracy": 0.88}
2026-03-10 11:57:50,650 - ALERT - INFO - {"epoch": 5, "step": 50, "loss": 1.25, "learning_rate": 0.001, "cpu_percent": 2.6, "ram_used_gb": 15.443214416503906, "ram_total_gb": 31.869606018066406, "gpu_utilization": 0.0, "gpu_memory_used": 1927.0, "gpu_memory_total": 16380.0, "pair": "BTC/USDT", "status": "training", "accuracy": 0.8}
2026-03-10 11:57:50,789 - ALERT - INFO - {"epoch": 5, "step": 50, "loss": 1.35, "learning_rate": 0.001, "cpu_percent": 0.0, "ram_used_gb": 15.43459701538086, "ram_total_gb": 31.869606018066406, "gpu_utilization": 0.0, "gpu_memory_used": 1927.0, "gpu_memory_total": 16380.0, "pair": "ETH/USDT", "status": "training", "accuracy": 0.8200000000000001}
2026-03-10 11:57:50,931 - ALERT - INFO - {"epoch": 5, "step": 50, "loss": 2.05, "learning_rate": 0.001, "cpu_percent": 4.9, "ram_used_gb": 15.43277359008789, "ram_total_gb": 31.869606018066406, "gpu_utilization": 0.0, "gpu_memory_used": 1927.0, "gpu_memory_total": 16380.0, "pair": "XRP/USDT", "status": "training", "accuracy": 0.95}
2026-03-10 11:57:53,079 - ALERT - INFO - {"epoch": 10, "step": 100, "loss": 0.15, "learning_rate": 0.001, "cpu_percent": 1.3, "ram_used_gb": 15.288040161132812, "ram_total_gb": 31.869606018066406, "gpu_utilization": 0.0, "gpu_memory_used": 1927.0, "gpu_memory_total": 16380.0, "pair": "BTC/USDT", "status": "completed", "accuracy": 0.85}
2026-03-10 11:57:53,218 - ALERT - INFO - {"epoch": 10, "step": 100, "loss": 0.15, "learning_rate": 0.001, "cpu_percent": 1.5, "ram_used_gb": 15.286643981933594, "ram_total_gb": 31.869606018066406, "gpu_utilization": 0.0, "gpu_memory_used": 1927.0, "gpu_memory_total": 16380.0, "pair": "ETH/USDT", "status": "completed", "accuracy": 0.85}
2026-03-10 11:57:53,359 - ALERT - INFO - {"epoch": 10, "step": 100, "loss": 0.15, "learning_rate": 0.001, "cpu_percent": 8.9, "ram_used_gb": 15.298942565917969, "ram_total_gb": 31.869606018066406, "gpu_utilization": 0.0, "gpu_memory_used": 1927.0, "gpu_memory_total": 16380.0, "pair": "XRP/USDT", "status": "completed", "accuracy": 0.85}
